#
# There is insufficient memory for the Java Runtime Environment to continue.
# Native memory allocation (mmap) failed to map 257949696 bytes for G1 virtual space
# Possible reasons:
#   The system is out of physical RAM or swap space
#   The process is running with CompressedOops enabled, and the Java Heap may be blocking the growth of the native heap
# Possible solutions:
#   Reduce memory load on the system
#   Increase physical memory or swap space
#   Check if swap backing store is full
#   Decrease Java heap size (-Xmx/-Xms)
#   Decrease number of Java threads
#   Decrease Java thread stack sizes (-Xss)
#   Set larger code cache with -XX:ReservedCodeCacheSize=
#   JVM is running with Zero Based Compressed Oops mode in which the Java heap is
#     placed in the first 32GB address space. The Java Heap base address is the
#     maximum limit for the native heap growth. Please use -XX:HeapBaseMinAddress
#     to set the Java Heap base and to place the Java Heap above 32GB virtual address.
# This output file may be truncated or incomplete.
#
#  Out of Memory Error (os_windows.cpp:3548), pid=9636, tid=30752
#
# JRE version:  (17.0.10+11) (build )
# Java VM: Java HotSpot(TM) 64-Bit Server VM (17.0.10+11-LTS-240, mixed mode, sharing, tiered, compressed oops, compressed class ptrs, g1 gc, windows-amd64)
# No core dump will be written. Minidumps are not enabled by default on client versions of Windows
#

---------------  S U M M A R Y ------------

Command Line: -XX:+ShowCodeDetailsInExceptionMessages com.example.Skill.Horizon.Main

Host: AMD Ryzen 7 6800H with Radeon Graphics         , 16 cores, 15G,  Windows 11 , 64 bit Build 26100 (10.0.26100.3323)
Time: Fri Apr  4 21:21:46 2025 Sri Lanka Standard Time elapsed time: 0.009766 seconds (0d 0h 0m 0s)

---------------  T H R E A D  ---------------

Current thread (0x0000018e124b2ab0):  JavaThread "Unknown thread" [_thread_in_vm, id=30752, stack(0x0000005ddc800000,0x0000005ddc900000)]

Stack: [0x0000005ddc800000,0x0000005ddc900000]
Native frames: (J=compiled Java code, j=interpreted, Vv=VM code, C=native code)
V  [jvm.dll+0x677a5a]
V  [jvm.dll+0x7d8b2d]
V  [jvm.dll+0x7da48e]
V  [jvm.dll+0x7daaf3]
V  [jvm.dll+0x2455ff]
V  [jvm.dll+0x6749b9]
V  [jvm.dll+0x669382]
V  [jvm.dll+0x302e96]
V  [jvm.dll+0x30a416]
V  [jvm.dll+0x359cbe]
V  [jvm.dll+0x359eef]
V  [jvm.dll+0x2d9e88]
V  [jvm.dll+0x2dadf4]
V  [jvm.dll+0x7aa551]
V  [jvm.dll+0x367911]
V  [jvm.dll+0x789639]
V  [jvm.dll+0x3eb30f]
V  [jvm.dll+0x3ecd91]
C  [jli.dll+0x5297]
C  [ucrtbase.dll+0x37b0]
C  [KERNEL32.DLL+0x2e8d7]
C  [ntdll.dll+0xbbf6c]


---------------  P R O C E S S  ---------------

Threads class SMR info:
_java_thread_list=0x00007ffe2a266a18, length=0, elements={
}

Java Threads: ( => current thread )

Other Threads:
  0x0000018e12524d60 GCTaskThread "GC Thread#0" [stack: 0x0000005ddc900000,0x0000005ddca00000] [id=27416]
  0x0000018e12535250 ConcurrentGCThread "G1 Main Marker" [stack: 0x0000005ddca00000,0x0000005ddcb00000] [id=20372]
  0x0000018e12538690 ConcurrentGCThread "G1 Conc#0" [stack: 0x0000005ddcb00000,0x0000005ddcc00000] [id=20408]

[error occurred during error reporting (printing all threads), id 0xc0000005, EXCEPTION_ACCESS_VIOLATION (0xc0000005) at pc=0x00007ffe29a9aae7]

VM state: not at safepoint (not fully initialized)

VM Mutex/Monitor currently owned by a thread:  ([mutex/lock_event])
[0x0000018e124ad2c0] Heap_lock - owner thread: 0x0000018e124b2ab0

Heap address: 0x000000070bc00000, size: 3908 MB, Compressed Oops mode: Zero based, Oop shift amount: 3

CDS archive(s) mapped at: [0x0000000000000000-0x0000000000000000-0x0000000000000000), size 0, SharedBaseAddress: 0x0000000800000000, ArchiveRelocationMode: 1.
Narrow klass base: 0x0000000000000000, Narrow klass shift: 0, Narrow klass range: 0x0

GC Precious Log:
<Empty>

Heap:
 garbage-first heap   total 0K, used 0K [0x000000070bc00000, 0x0000000800000000)
  region size 2048K, 0 young (0K), 0 survivors (0K)

[error occurred during error reporting (printing heap information), id 0xc0000005, EXCEPTION_ACCESS_VIOLATION (0xc0000005) at pc=0x00007ffe29e81249]

GC Heap History (0 events):
No events

Deoptimization events (0 events):
No events

Classes unloaded (0 events):
No events

Classes redefined (0 events):
No events

Internal exceptions (0 events):
No events

VM Operations (0 events):
No events

Events (1 events):
Event: 0.006 Loaded shared library C:\Program Files\Java\jdk-17\bin\java.dll


Dynamic libraries:
0x00007ff6815e0000 - 0x00007ff6815f0000 	C:\Program Files\Java\jdk-17\bin\java.exe
0x00007fff1f240000 - 0x00007fff1f4a3000 	C:\WINDOWS\SYSTEM32\ntdll.dll
0x00007fff1eab0000 - 0x00007fff1eb77000 	C:\WINDOWS\System32\KERNEL32.DLL
0x00007fff1c5c0000 - 0x00007fff1c989000 	C:\WINDOWS\System32\KERNELBASE.dll
0x00007fff1cda0000 - 0x00007fff1ceec000 	C:\WINDOWS\System32\ucrtbase.dll
0x00007fff03670000 - 0x00007fff03689000 	C:\Program Files\Java\jdk-17\bin\jli.dll
0x00007fff06380000 - 0x00007fff0639b000 	C:\Program Files\Java\jdk-17\bin\VCRUNTIME140.dll
0x00007fff1d950000 - 0x00007fff1da02000 	C:\WINDOWS\System32\ADVAPI32.dll
0x00007fff1e1e0000 - 0x00007fff1e289000 	C:\WINDOWS\System32\msvcrt.dll
0x00007fff1eb80000 - 0x00007fff1ec26000 	C:\WINDOWS\System32\sechost.dll
0x00007fff1d780000 - 0x00007fff1d896000 	C:\WINDOWS\System32\RPCRT4.dll
0x00007fff1dea0000 - 0x00007fff1e06a000 	C:\WINDOWS\System32\USER32.dll
0x00007fff1d030000 - 0x00007fff1d057000 	C:\WINDOWS\System32\win32u.dll
0x00007fff03cd0000 - 0x00007fff03f60000 	C:\WINDOWS\WinSxS\amd64_microsoft.windows.common-controls_6595b64144ccf1df_6.0.26100.3323_none_3e088096e3344490\COMCTL32.dll
0x00007fff1eda0000 - 0x00007fff1edca000 	C:\WINDOWS\System32\GDI32.dll
0x00007fff1c990000 - 0x00007fff1cac1000 	C:\WINDOWS\System32\gdi32full.dll
0x00007fff1cf80000 - 0x00007fff1d023000 	C:\WINDOWS\System32\msvcp_win.dll
0x00007fff15190000 - 0x00007fff1519b000 	C:\WINDOWS\SYSTEM32\VERSION.dll
0x00007fff1ea70000 - 0x00007fff1ea9f000 	C:\WINDOWS\System32\IMM32.DLL
0x00007fff108a0000 - 0x00007fff108ac000 	C:\Program Files\Java\jdk-17\bin\vcruntime140_1.dll
0x00007ffeda200000 - 0x00007ffeda28e000 	C:\Program Files\Java\jdk-17\bin\msvcp140.dll
0x00007ffe297b0000 - 0x00007ffe2a38f000 	C:\Program Files\Java\jdk-17\bin\server\jvm.dll
0x00007fff1e580000 - 0x00007fff1e588000 	C:\WINDOWS\System32\PSAPI.DLL
0x00007ffef0ee0000 - 0x00007ffef0eea000 	C:\WINDOWS\SYSTEM32\WSOCK32.dll
0x00007fff1e5b0000 - 0x00007fff1e624000 	C:\WINDOWS\System32\WS2_32.dll
0x00007fff0a3a0000 - 0x00007fff0a3d6000 	C:\WINDOWS\SYSTEM32\WINMM.dll
0x00007fff1b220000 - 0x00007fff1b23a000 	C:\WINDOWS\SYSTEM32\kernel.appcore.dll
0x00007fff06ae0000 - 0x00007fff06aea000 	C:\Program Files\Java\jdk-17\bin\jimage.dll
0x00007fff19c40000 - 0x00007fff19e81000 	C:\WINDOWS\SYSTEM32\DBGHELP.DLL
0x00007fff1e6e0000 - 0x00007fff1ea62000 	C:\WINDOWS\System32\combase.dll
0x00007fff1edd0000 - 0x00007fff1eea6000 	C:\WINDOWS\System32\OLEAUT32.dll
0x00007ffec91c0000 - 0x00007ffec91f9000 	C:\WINDOWS\SYSTEM32\dbgcore.DLL
0x00007fff1cb90000 - 0x00007fff1cc29000 	C:\WINDOWS\System32\bcryptPrimitives.dll
0x00007ffee9e10000 - 0x00007ffee9e35000 	C:\Program Files\Java\jdk-17\bin\java.dll

dbghelp: loaded successfully - version: 4.0.5 - missing functions: none
symbol engine: initialized successfully - sym options: 0x614 - pdb path: .;C:\Program Files\Java\jdk-17\bin;C:\WINDOWS\SYSTEM32;C:\WINDOWS\WinSxS\amd64_microsoft.windows.common-controls_6595b64144ccf1df_6.0.26100.3323_none_3e088096e3344490;C:\Program Files\Java\jdk-17\bin\server

VM Arguments:
jvm_args: -XX:+ShowCodeDetailsInExceptionMessages 
java_command: com.example.Skill.Horizon.Main
java_class_path (initial): D:\final paf project\Smart--Schooler\Skill-horizon\server\target\classes;C:\Users\binuk\.m2\repository\org\projectlombok\lombok\1.18.36\lombok-1.18.36.jar;C:\Users\binuk\.m2\repository\org\springframework\boot\spring-boot-starter-data-mongodb\3.4.4\spring-boot-starter-data-mongodb-3.4.4.jar;C:\Users\binuk\.m2\repository\org\springframework\boot\spring-boot-starter\3.4.4\spring-boot-starter-3.4.4.jar;C:\Users\binuk\.m2\repository\org\springframework\boot\spring-boot\3.4.4\spring-boot-3.4.4.jar;C:\Users\binuk\.m2\repository\org\springframework\boot\spring-boot-autoconfigure\3.4.4\spring-boot-autoconfigure-3.4.4.jar;C:\Users\binuk\.m2\repository\org\springframework\boot\spring-boot-starter-logging\3.4.4\spring-boot-starter-logging-3.4.4.jar;C:\Users\binuk\.m2\repository\ch\qos\logback\logback-classic\1.5.18\logback-classic-1.5.18.jar;C:\Users\binuk\.m2\repository\ch\qos\logback\logback-core\1.5.18\logback-core-1.5.18.jar;C:\Users\binuk\.m2\repository\org\apache\logging\log4j\log4j-to-slf4j\2.24.3\log4j-to-slf4j-2.24.3.jar;C:\Users\binuk\.m2\repository\org\apache\logging\log4j\log4j-api\2.24.3\log4j-api-2.24.3.jar;C:\Users\binuk\.m2\repository\org\slf4j\jul-to-slf4j\2.0.17\jul-to-slf4j-2.0.17.jar;C:\Users\binuk\.m2\repository\jakarta\annotation\jakarta.annotation-api\2.1.1\jakarta.annotation-api-2.1.1.jar;C:\Users\binuk\.m2\repository\org\yaml\snakeyaml\2.3\snakeyaml-2.3.jar;C:\Users\binuk\.m2\repository\org\mongodb\mongodb-driver-sync\5.2.1\mongodb-driver-sync-5.2.1.jar;C:\Users\binuk\.m2\repository\org\mongodb\bson\5.2.1\bson-5.2.1.jar;C:\Users\binuk\.m2\repository\org\mongodb\mongodb-driver-core\5.2.1\mongodb-driver-core-5.2.1.jar;C:\Users\binuk\.m2\repository\org\mongodb\bson-record-codec\5.2.1\bson-record-codec-5.2.1.jar;C:\Users\binuk\.m2\repository\org\springframework\data\spring-data-mongodb\4.4.4\spring-data-mongodb-4.4.4.jar;C:\Users\binuk\.m2\repository\org\springframework\spring-tx\6.2.5\spring-tx-6.2.5.jar;C:\Users\binuk\.m2\rep
Launcher Type: SUN_STANDARD

[Global flags]
     intx CICompilerCount                          = 12                                        {product} {ergonomic}
     uint ConcGCThreads                            = 3                                         {product} {ergonomic}
     uint G1ConcRefinementThreads                  = 13                                        {product} {ergonomic}
   size_t G1HeapRegionSize                         = 2097152                                   {product} {ergonomic}
    uintx GCDrainStackTargetSize                   = 64                                        {product} {ergonomic}
   size_t InitialHeapSize                          = 257949696                                 {product} {ergonomic}
   size_t MarkStackSize                            = 4194304                                   {product} {ergonomic}
   size_t MaxHeapSize                              = 4097835008                                {product} {ergonomic}
   size_t MinHeapDeltaBytes                        = 2097152                                   {product} {ergonomic}
   size_t MinHeapSize                              = 8388608                                   {product} {ergonomic}
    uintx NonNMethodCodeHeapSize                   = 7602480                                {pd product} {ergonomic}
    uintx NonProfiledCodeHeapSize                  = 122027880                              {pd product} {ergonomic}
    uintx ProfiledCodeHeapSize                     = 122027880                              {pd product} {ergonomic}
    uintx ReservedCodeCacheSize                    = 251658240                              {pd product} {ergonomic}
     bool SegmentedCodeCache                       = true                                      {product} {ergonomic}
     bool ShowCodeDetailsInExceptionMessages       = true                                   {manageable} {command line}
   size_t SoftMaxHeapSize                          = 4097835008                             {manageable} {ergonomic}
     bool UseCompressedClassPointers               = true                           {product lp64_product} {ergonomic}
     bool UseCompressedOops                        = true                           {product lp64_product} {ergonomic}
     bool UseG1GC                                  = true                                      {product} {ergonomic}
     bool UseLargePagesIndividualAllocation        = false                                  {pd product} {ergonomic}

Logging:
Log output configuration:
 #0: stdout all=warning uptime,level,tags
 #1: stderr all=off uptime,level,tags

Environment Variables:
JAVA_HOME=C:\Users\binuk\AppData\Roaming\Code\User\globalStorage\pleiades.java-extension-pack-jdk\java\latest
PATH=C:\Users\binuk\AppData\Roaming\Code\User\globalStorage\pleiades.java-extension-pack-jdk\gradle\latest\bin;C:\Users\binuk\AppData\Roaming\Code\User\globalStorage\pleiades.java-extension-pack-jdk\maven\latest\bin;C:\Users\binuk\AppData\Roaming\Code\User\globalStorage\pleiades.java-extension-pack-jdk\java\latest\bin;C:\Program Files (x86)\VMware\VMware Workstation\bin\;C:\app\binuk\product\21c\dbhomeXE\bin;C:\Program Files\Common Files\Oracle\Java\javapath;C:\Program Files (x86)\Common Files\Oracle\Java\javapath;C:\WINDOWS\system32;C:\WINDOWS;C:\WINDOWS\System32\Wbem;C:\WINDOWS\System32\WindowsPowerShell\v1.0\;C:\WINDOWS\System32\OpenSSH\;C:\Program Files (x86)\NVIDIA Corporation\PhysX\Common;C:\Program Files (x86)\Microsoft SQL Server\160\DTS\Binn\;C:\Program Files\Azure Data Studio\bin;C:\Program Files\Microsoft SQL Server\Client SDK\ODBC\170\Tools\Binn\;C:\Program Files (x86)\Microsoft SQL Server\150\Tools\Binn\;C:\Program Files\Microsoft SQL Server\150\Tools\Binn\;C:\Program Files\Microsoft SQL Server\150\DTS\Binn\;C:\Program Files\dotnet\;C:\Program Files\nodejs\;C:\Program Files\Git\cmd;C:\Program Files\MySQL\MySQL Utilities 1.6\;C:\Program Files\NVIDIA Corporation\NVIDIA app\NvDLISR;C:\Users\binuk\AppData\Local\Programs\Python\Python313\Scripts\;C:\Users\binuk\AppData\Local\Programs\Python\Python313\;C:\Users\binuk\AppData\Local\Programs\Python\Launcher\;C:\Program Files\MySQL\MySQL Shell 8.0\bin\;C:\Program Files\Java\jre-1.8\bin;C:\Users\binuk\AppData\Roaming\npm;C:\Users\binuk\AppData\Local\Programs\Microsoft VS Code\bin;C:\Users\binuk\AppData\Local\Microsoft\WindowsApps;C:\xampp;C:\Users\binuk\Downloads\php-8.4.3.tar.gz\php-8.4.3;C:\Users\binuk\.dotnet\tools
USERNAME=binuk
LANG=en_US.UTF-8
OS=Windows_NT
PROCESSOR_IDENTIFIER=AMD64 Family 25 Model 68 Stepping 1, AuthenticAMD



---------------  S Y S T E M  ---------------

OS:
 Windows 11 , 64 bit Build 26100 (10.0.26100.3323)
OS uptime: 0 days 2:04 hours
Hyper-V role detected

CPU: total 16 (initial active 16) (16 cores per cpu, 2 threads per core) family 25 model 68 stepping 1 microcode 0xa404102, cx8, cmov, fxsr, ht, mmx, 3dnowpref, sse, sse2, sse3, ssse3, sse4a, sse4.1, sse4.2, popcnt, lzcnt, tsc, tscinvbit, avx, avx2, aes, erms, clmul, bmi1, bmi2, adx, sha, fma, vzeroupper, clflush, clflushopt, hv

Memory: 4k page, system-wide physical 15628M (2837M free)
TotalPageFile size 22392M (AvailPageFile size 23M)
current process WorkingSet (physical memory assigned to process): 12M, peak: 12M
current process commit charge ("private bytes"): 71M, peak: 316M

vm_info: Java HotSpot(TM) 64-Bit Server VM (17.0.10+11-LTS-240) for windows-amd64 JRE (17.0.10+11-LTS-240), built on Dec 19 2023 21:47:25 by "mach5one" with MS VC++ 17.1 (VS2022)

END.
