#
# There is insufficient memory for the Java Runtime Environment to continue.
# Native memory allocation (malloc) failed to allocate 65552 bytes for Chunk::new
# Possible reasons:
#   The system is out of physical RAM or swap space
#   The process is running with CompressedOops enabled, and the Java Heap may be blocking the growth of the native heap
# Possible solutions:
#   Reduce memory load on the system
#   Increase physical memory or swap space
#   Check if swap backing store is full
#   Decrease Java heap size (-Xmx/-Xms)
#   Decrease number of Java threads
#   Decrease Java thread stack sizes (-Xss)
#   Set larger code cache with -XX:ReservedCodeCacheSize=
#   JVM is running with Zero Based Compressed Oops mode in which the Java heap is
#     placed in the first 32GB address space. The Java Heap base address is the
#     maximum limit for the native heap growth. Please use -XX:HeapBaseMinAddress
#     to set the Java Heap base and to place the Java Heap above 32GB virtual address.
# This output file may be truncated or incomplete.
#
#  Out of Memory Error (arena.cpp:189), pid=19104, tid=27508
#
# JRE version: Java(TM) SE Runtime Environment (17.0.10+11) (build 17.0.10+11-LTS-240)
# Java VM: Java HotSpot(TM) 64-Bit Server VM (17.0.10+11-LTS-240, mixed mode, sharing, tiered, compressed oops, compressed class ptrs, g1 gc, windows-amd64)
# No core dump will be written. Minidumps are not enabled by default on client versions of Windows
#

---------------  S U M M A R Y ------------

Command Line: -XX:+ShowCodeDetailsInExceptionMessages com.example.Skill.Horizon.HomeApp

Host: AMD Ryzen 7 6800H with Radeon Graphics         , 16 cores, 15G,  Windows 11 , 64 bit Build 26100 (10.0.26100.3775)
Time: Sat Apr 26 12:12:56 2025 Sri Lanka Standard Time elapsed time: 6.599291 seconds (0d 0h 0m 6s)

---------------  T H R E A D  ---------------

Current thread (0x000001c59ecb1b70):  JavaThread "C2 CompilerThread1" daemon [_thread_in_native, id=27508, stack(0x0000009a36400000,0x0000009a36500000)]


Current CompileTask:
C2:   6599 8254       4       java.net.URLStreamHandler::parseURL (1201 bytes)

Stack: [0x0000009a36400000,0x0000009a36500000]
Native frames: (J=compiled Java code, j=interpreted, Vv=VM code, C=native code)
V  [jvm.dll+0x677a5a]
V  [jvm.dll+0x7d8b2d]
V  [jvm.dll+0x7da48e]
V  [jvm.dll+0x7daaf3]
V  [jvm.dll+0x2455ff]
V  [jvm.dll+0xaaafb]
V  [jvm.dll+0xab09c]
V  [jvm.dll+0xaac14]
V  [jvm.dll+0x6564ac]
V  [jvm.dll+0x21ed79]
V  [jvm.dll+0x69af41]
V  [jvm.dll+0x216aa9]
V  [jvm.dll+0x1a3410]
V  [jvm.dll+0x226aeb]
V  [jvm.dll+0x224cab]
V  [jvm.dll+0x78e45c]
V  [jvm.dll+0x78888a]
V  [jvm.dll+0x676935]
C  [ucrtbase.dll+0x37b0]
C  [KERNEL32.DLL+0x2e8d7]
C  [ntdll.dll+0xb14fc]


---------------  P R O C E S S  ---------------

Threads class SMR info:
_java_thread_list=0x000001c5e711a3d0, length=43, elements={
0x000001c59e208e20, 0x000001c59e2096f0, 0x000001c59e220db0, 0x000001c59e221680,
0x000001c59e221f50, 0x000001c59e222820, 0x000001c59e223420, 0x000001c59e23ce10,
0x000001c59e248880, 0x000001c59e2f9780, 0x000001c59e3ba0c0, 0x000001c59e3ca580,
0x000001c59ecb0630, 0x000001c59ecb2610, 0x000001c5e6be9e40, 0x000001c5e7885f70,
0x000001c5e59c5d40, 0x000001c5e5388ec0, 0x000001c5e5386b50, 0x000001c5e53884a0,
0x000001c5e53893d0, 0x000001c5e5387f90, 0x000001c5e5387a80, 0x000001c5e53889b0,
0x000001c5e5387060, 0x000001c5e53898e0, 0x000001c5e538a300, 0x000001c5e84b7040,
0x000001c5e84b3890, 0x000001c5e84b42b0, 0x000001c5e84b4cd0, 0x000001c5e84b6110,
0x000001c5e84b47c0, 0x000001c5e84b6620, 0x000001c5e84b6b30, 0x000001c5e84b51e0,
0x000001c5e84b56f0, 0x000001c5e84b7550, 0x000001c5e84b5c00, 0x000001c5e84b3da0,
0x000001c5e84bb210, 0x000001c5e84b7f70, 0x000001c59ecb1b70
}

Java Threads: ( => current thread )
  0x000001c59e208e20 JavaThread "Reference Handler" daemon [_thread_blocked, id=33840, stack(0x0000009a35700000,0x0000009a35800000)]
  0x000001c59e2096f0 JavaThread "Finalizer" daemon [_thread_blocked, id=24436, stack(0x0000009a35800000,0x0000009a35900000)]
  0x000001c59e220db0 JavaThread "Signal Dispatcher" daemon [_thread_blocked, id=5504, stack(0x0000009a35900000,0x0000009a35a00000)]
  0x000001c59e221680 JavaThread "Attach Listener" daemon [_thread_blocked, id=3052, stack(0x0000009a35a00000,0x0000009a35b00000)]
  0x000001c59e221f50 JavaThread "Service Thread" daemon [_thread_blocked, id=35400, stack(0x0000009a35b00000,0x0000009a35c00000)]
  0x000001c59e222820 JavaThread "Monitor Deflation Thread" daemon [_thread_blocked, id=13856, stack(0x0000009a35c00000,0x0000009a35d00000)]
  0x000001c59e223420 JavaThread "C2 CompilerThread0" daemon [_thread_in_native, id=18712, stack(0x0000009a35d00000,0x0000009a35e00000)]
  0x000001c59e23ce10 JavaThread "C1 CompilerThread0" daemon [_thread_blocked, id=27020, stack(0x0000009a35e00000,0x0000009a35f00000)]
  0x000001c59e248880 JavaThread "Sweeper thread" daemon [_thread_blocked, id=14124, stack(0x0000009a35f00000,0x0000009a36000000)]
  0x000001c59e2f9780 JavaThread "C1 CompilerThread1" daemon [_thread_blocked, id=7388, stack(0x0000009a36000000,0x0000009a36100000)]
  0x000001c59e3ba0c0 JavaThread "Notification Thread" daemon [_thread_blocked, id=13432, stack(0x0000009a36100000,0x0000009a36200000)]
  0x000001c59e3ca580 JavaThread "Common-Cleaner" daemon [_thread_blocked, id=19924, stack(0x0000009a36300000,0x0000009a36400000)]
  0x000001c59ecb0630 JavaThread "C1 CompilerThread2" daemon [_thread_blocked, id=23040, stack(0x0000009a36600000,0x0000009a36700000)]
  0x000001c59ecb2610 JavaThread "C1 CompilerThread3" daemon [_thread_blocked, id=24624, stack(0x0000009a36700000,0x0000009a36800000)]
  0x000001c5e6be9e40 JavaThread "Catalina-utility-1" [_thread_blocked, id=30956, stack(0x0000009a37800000,0x0000009a37900000)]
  0x000001c5e7885f70 JavaThread "Catalina-utility-2" [_thread_blocked, id=9112, stack(0x0000009a37900000,0x0000009a37a00000)]
  0x000001c5e59c5d40 JavaThread "container-0" [_thread_blocked, id=31592, stack(0x0000009a37a00000,0x0000009a37b00000)]
  0x000001c5e5388ec0 JavaThread "Thread-2" daemon [_thread_in_native, id=11936, stack(0x0000009a37b00000,0x0000009a37c00000)]
  0x000001c5e5386b50 JavaThread "BufferPoolPruner-1-thread-1" daemon [_thread_blocked, id=20484, stack(0x0000009a37c00000,0x0000009a37d00000)]
  0x000001c5e53884a0 JavaThread "cluster-ClusterId{value='680c806c2d6ec07e6cb5781c', description='Cluster0'}-srv-cluster0.bazen2p.mongodb.net" daemon [_thread_blocked, id=24540, stack(0x0000009a37d00000,0x0000009a37e00000)]
  0x000001c5e53893d0 JavaThread "cluster-ClusterId{value='680c806c2d6ec07e6cb5781c', description='Cluster0'}-ac-vnxy5xl-shard-00-00.bazen2p.mongodb.net:27017" daemon [_thread_in_native, id=31764, stack(0x0000009a37e00000,0x0000009a37f00000)]
  0x000001c5e5387f90 JavaThread "cluster-ClusterId{value='680c806c2d6ec07e6cb5781c', description='Cluster0'}-ac-vnxy5xl-shard-00-01.bazen2p.mongodb.net:27017" daemon [_thread_in_native, id=19712, stack(0x0000009a37f00000,0x0000009a38000000)]
  0x000001c5e5387a80 JavaThread "cluster-ClusterId{value='680c806c2d6ec07e6cb5781c', description='Cluster0'}-ac-vnxy5xl-shard-00-02.bazen2p.mongodb.net:27017" daemon [_thread_in_native, id=36536, stack(0x0000009a38000000,0x0000009a38100000)]
  0x000001c5e53889b0 JavaThread "http-nio-8080-exec-1" daemon [_thread_blocked, id=18520, stack(0x0000009a38300000,0x0000009a38400000)]
  0x000001c5e5387060 JavaThread "http-nio-8080-exec-2" daemon [_thread_blocked, id=19604, stack(0x0000009a38400000,0x0000009a38500000)]
  0x000001c5e53898e0 JavaThread "http-nio-8080-exec-3" daemon [_thread_blocked, id=5988, stack(0x0000009a38500000,0x0000009a38600000)]
  0x000001c5e538a300 JavaThread "http-nio-8080-exec-4" daemon [_thread_blocked, id=35224, stack(0x0000009a38600000,0x0000009a38700000)]
  0x000001c5e84b7040 JavaThread "http-nio-8080-exec-5" daemon [_thread_blocked, id=28520, stack(0x0000009a38700000,0x0000009a38800000)]
  0x000001c5e84b3890 JavaThread "http-nio-8080-exec-6" daemon [_thread_blocked, id=21744, stack(0x0000009a38800000,0x0000009a38900000)]
  0x000001c5e84b42b0 JavaThread "http-nio-8080-exec-7" daemon [_thread_blocked, id=9004, stack(0x0000009a38900000,0x0000009a38a00000)]
  0x000001c5e84b4cd0 JavaThread "http-nio-8080-exec-8" daemon [_thread_blocked, id=8724, stack(0x0000009a38a00000,0x0000009a38b00000)]
  0x000001c5e84b6110 JavaThread "http-nio-8080-exec-9" daemon [_thread_blocked, id=36288, stack(0x0000009a38b00000,0x0000009a38c00000)]
  0x000001c5e84b47c0 JavaThread "http-nio-8080-exec-10" daemon [_thread_blocked, id=18392, stack(0x0000009a38c00000,0x0000009a38d00000)]
  0x000001c5e84b6620 JavaThread "http-nio-8080-Poller" daemon [_thread_in_native, id=21384, stack(0x0000009a38d00000,0x0000009a38e00000)]
  0x000001c5e84b6b30 JavaThread "http-nio-8080-Acceptor" daemon [_thread_in_native, id=9680, stack(0x0000009a38e00000,0x0000009a38f00000)]
  0x000001c5e84b51e0 JavaThread "DestroyJavaVM" [_thread_blocked, id=22176, stack(0x0000009a35000000,0x0000009a35100000)]
  0x000001c5e84b56f0 JavaThread "cluster-rtt-ClusterId{value='680c806c2d6ec07e6cb5781c', description='Cluster0'}-ac-vnxy5xl-shard-00-01.bazen2p.mongodb.net:27017" daemon [_thread_blocked, id=33944, stack(0x0000009a38f00000,0x0000009a39000000)]
  0x000001c5e84b7550 JavaThread "cluster-rtt-ClusterId{value='680c806c2d6ec07e6cb5781c', description='Cluster0'}-ac-vnxy5xl-shard-00-00.bazen2p.mongodb.net:27017" daemon [_thread_blocked, id=6132, stack(0x0000009a39000000,0x0000009a39100000)]
  0x000001c5e84b5c00 JavaThread "cluster-rtt-ClusterId{value='680c806c2d6ec07e6cb5781c', description='Cluster0'}-ac-vnxy5xl-shard-00-02.bazen2p.mongodb.net:27017" daemon [_thread_blocked, id=25480, stack(0x0000009a39100000,0x0000009a39200000)]
  0x000001c5e84b3da0 JavaThread "MaintenanceTimer-3-thread-1" daemon [_thread_blocked, id=5380, stack(0x0000009a39200000,0x0000009a39300000)]
  0x000001c5e84bb210 JavaThread "MaintenanceTimer-4-thread-1" daemon [_thread_blocked, id=13412, stack(0x0000009a39300000,0x0000009a39400000)]
  0x000001c5e84b7f70 JavaThread "MaintenanceTimer-2-thread-1" daemon [_thread_blocked, id=33256, stack(0x0000009a39400000,0x0000009a39500000)]
=>0x000001c59ecb1b70 JavaThread "C2 CompilerThread1" daemon [_thread_in_native, id=27508, stack(0x0000009a36400000,0x0000009a36500000)]

Other Threads:
  0x000001c5ff32e510 VMThread "VM Thread" [stack: 0x0000009a35600000,0x0000009a35700000] [id=19412]
  0x000001c5faf4e120 WatcherThread [stack: 0x0000009a36200000,0x0000009a36300000] [id=1380]
  0x000001c5faf26ea0 GCTaskThread "GC Thread#0" [stack: 0x0000009a35100000,0x0000009a35200000] [id=33260]
  0x000001c5e544c9d0 GCTaskThread "GC Thread#1" [stack: 0x0000009a36800000,0x0000009a36900000] [id=36100]
  0x000001c5e49c3690 GCTaskThread "GC Thread#2" [stack: 0x0000009a36900000,0x0000009a36a00000] [id=17580]
  0x000001c5e4b76c10 GCTaskThread "GC Thread#3" [stack: 0x0000009a36a00000,0x0000009a36b00000] [id=31120]
  0x000001c5e52a8c90 GCTaskThread "GC Thread#4" [stack: 0x0000009a36b00000,0x0000009a36c00000] [id=32228]
  0x000001c5e41ef500 GCTaskThread "GC Thread#5" [stack: 0x0000009a36d00000,0x0000009a36e00000] [id=29836]
  0x000001c5e5514d00 GCTaskThread "GC Thread#6" [stack: 0x0000009a36e00000,0x0000009a36f00000] [id=27428]
  0x000001c5e53624c0 GCTaskThread "GC Thread#7" [stack: 0x0000009a36c00000,0x0000009a36d00000] [id=31328]
  0x000001c5e5363800 GCTaskThread "GC Thread#8" [stack: 0x0000009a37100000,0x0000009a37200000] [id=23000]
  0x000001c5e5362d00 GCTaskThread "GC Thread#9" [stack: 0x0000009a37200000,0x0000009a37300000] [id=25020]
  0x000001c5e5361c80 GCTaskThread "GC Thread#10" [stack: 0x0000009a37300000,0x0000009a37400000] [id=7020]
  0x000001c5e5362780 GCTaskThread "GC Thread#11" [stack: 0x0000009a37400000,0x0000009a37500000] [id=13520]
  0x000001c5e5362200 GCTaskThread "GC Thread#12" [stack: 0x0000009a37500000,0x0000009a37600000] [id=20748]
  0x000001c5faf39140 ConcurrentGCThread "G1 Main Marker" [stack: 0x0000009a35200000,0x0000009a35300000] [id=33712]
  0x000001c5faf3b730 ConcurrentGCThread "G1 Conc#0" [stack: 0x0000009a35300000,0x0000009a35400000] [id=18680]
  0x000001c5e5362fc0 ConcurrentGCThread "G1 Conc#1" [stack: 0x0000009a37600000,0x0000009a37700000] [id=33976]
  0x000001c5e4d748b0 ConcurrentGCThread "G1 Conc#2" [stack: 0x0000009a37700000,0x0000009a37800000] [id=16688]
  0x000001c5faf64f30 ConcurrentGCThread "G1 Refine#0" [stack: 0x0000009a35400000,0x0000009a35500000] [id=29340]
  0x000001c5faf66620 ConcurrentGCThread "G1 Service" [stack: 0x0000009a35500000,0x0000009a35600000] [id=30744]

Threads with active compile tasks:
C2 CompilerThread0     6616 8252 % !   4       io.jsonwebtoken.impl.DefaultJwtParser::parse @ 84 (1310 bytes)
C2 CompilerThread1     6616 8254       4       java.net.URLStreamHandler::parseURL (1201 bytes)

VM state: not at safepoint (normal execution)

VM Mutex/Monitor currently owned by a thread: None

Heap address: 0x000000070bc00000, size: 3908 MB, Compressed Oops mode: Zero based, Oop shift amount: 3

CDS archive(s) mapped at: [0x000001c59f000000-0x000001c59fbd0000-0x000001c59fbd0000), size 12386304, SharedBaseAddress: 0x000001c59f000000, ArchiveRelocationMode: 1.
Compressed class space mapped at: 0x000001c5a0000000-0x000001c5e0000000, reserved size: 1073741824
Narrow klass base: 0x000001c59f000000, Narrow klass shift: 0, Narrow klass range: 0x100000000

GC Precious Log:
 CPUs: 16 total, 16 available
 Memory: 15628M
 Large Page Support: Disabled
 NUMA Support: Disabled
 Compressed Oops: Enabled (Zero based)
 Heap Region Size: 2M
 Heap Min Capacity: 8M
 Heap Initial Capacity: 246M
 Heap Max Capacity: 3908M
 Pre-touch: Disabled
 Parallel Workers: 13
 Concurrent Workers: 3
 Concurrent Refinement Workers: 13
 Periodic GC: Disabled

Heap:
 garbage-first heap   total 61440K, used 39255K [0x000000070bc00000, 0x0000000800000000)
  region size 2048K, 8 young (16384K), 2 survivors (4096K)
 Metaspace       used 52014K, committed 52544K, reserved 1114112K
  class space    used 6612K, committed 6848K, reserved 1048576K

Heap Regions: E=young(eden), S=young(survivor), O=old, HS=humongous(starts), HC=humongous(continues), CS=collection set, F=free, OA=open archive, CA=closed archive, TAMS=top-at-mark-start (previous, next)
|   0|0x000000070bc00000, 0x000000070be00000, 0x000000070be00000|100%| O|  |TAMS 0x000000070be00000, 0x000000070bc00000| Untracked 
|   1|0x000000070be00000, 0x000000070c000000, 0x000000070c000000|100%| O|  |TAMS 0x000000070c000000, 0x000000070be00000| Untracked 
|   2|0x000000070c000000, 0x000000070c200000, 0x000000070c200000|100%| O|  |TAMS 0x000000070c200000, 0x000000070c000000| Untracked 
|   3|0x000000070c200000, 0x000000070c3e6e00, 0x000000070c400000| 95%| O|  |TAMS 0x000000070c3e6e00, 0x000000070c200000| Untracked 
|   4|0x000000070c400000, 0x000000070c600000, 0x000000070c600000|100%| O|  |TAMS 0x000000070c600000, 0x000000070c400000| Untracked 
|   5|0x000000070c600000, 0x000000070c800000, 0x000000070c800000|100%| O|  |TAMS 0x000000070c800000, 0x000000070c600000| Untracked 
|   6|0x000000070c800000, 0x000000070ca00000, 0x000000070ca00000|100%| O|  |TAMS 0x000000070ca00000, 0x000000070c800000| Untracked 
|   7|0x000000070ca00000, 0x000000070cc00000, 0x000000070cc00000|100%| O|  |TAMS 0x000000070cc00000, 0x000000070ca00000| Untracked 
|   8|0x000000070cc00000, 0x000000070ce00000, 0x000000070ce00000|100%| O|  |TAMS 0x000000070ce00000, 0x000000070cc00000| Untracked 
|   9|0x000000070ce00000, 0x000000070d000000, 0x000000070d000000|100%| O|  |TAMS 0x000000070d000000, 0x000000070ce00000| Untracked 
|  10|0x000000070d000000, 0x000000070d200000, 0x000000070d200000|100%| O|  |TAMS 0x000000070d200000, 0x000000070d000000| Untracked 
|  11|0x000000070d200000, 0x000000070d400000, 0x000000070d400000|100%| O|  |TAMS 0x000000070d400000, 0x000000070d200000| Untracked 
|  12|0x000000070d400000, 0x000000070d600000, 0x000000070d600000|100%| O|  |TAMS 0x000000070d600000, 0x000000070d400000| Untracked 
|  13|0x000000070d600000, 0x000000070d664e00, 0x000000070d800000| 19%| O|  |TAMS 0x000000070d664e00, 0x000000070d600000| Untracked 
|  14|0x000000070d800000, 0x000000070d800000, 0x000000070da00000|  0%| F|  |TAMS 0x000000070d800000, 0x000000070d800000| Untracked 
|  15|0x000000070da00000, 0x000000070da00000, 0x000000070dc00000|  0%| F|  |TAMS 0x000000070da00000, 0x000000070da00000| Untracked 
|  16|0x000000070dc00000, 0x000000070dc00000, 0x000000070de00000|  0%| F|  |TAMS 0x000000070dc00000, 0x000000070dc00000| Untracked 
|  17|0x000000070de00000, 0x000000070de00000, 0x000000070e000000|  0%| F|  |TAMS 0x000000070de00000, 0x000000070de00000| Untracked 
|  18|0x000000070e000000, 0x000000070e00a2d0, 0x000000070e200000|  1%| S|CS|TAMS 0x000000070e000000, 0x000000070e000000| Complete 
|  19|0x000000070e200000, 0x000000070e400000, 0x000000070e400000|100%| S|CS|TAMS 0x000000070e200000, 0x000000070e200000| Complete 
|  20|0x000000070e400000, 0x000000070e400000, 0x000000070e600000|  0%| F|  |TAMS 0x000000070e400000, 0x000000070e400000| Untracked 
|  21|0x000000070e600000, 0x000000070e600000, 0x000000070e800000|  0%| F|  |TAMS 0x000000070e600000, 0x000000070e600000| Untracked 
|  22|0x000000070e800000, 0x000000070e800000, 0x000000070ea00000|  0%| F|  |TAMS 0x000000070e800000, 0x000000070e800000| Untracked 
|  23|0x000000070ea00000, 0x000000070ea00000, 0x000000070ec00000|  0%| F|  |TAMS 0x000000070ea00000, 0x000000070ea00000| Untracked 
|  24|0x000000070ec00000, 0x000000070ed57bb8, 0x000000070ee00000| 67%| E|  |TAMS 0x000000070ec00000, 0x000000070ec00000| Complete 
| 113|0x0000000719e00000, 0x000000071a000000, 0x000000071a000000|100%| E|CS|TAMS 0x0000000719e00000, 0x0000000719e00000| Complete 
| 114|0x000000071a000000, 0x000000071a200000, 0x000000071a200000|100%| E|CS|TAMS 0x000000071a000000, 0x000000071a000000| Complete 
| 115|0x000000071a200000, 0x000000071a400000, 0x000000071a400000|100%| E|CS|TAMS 0x000000071a200000, 0x000000071a200000| Complete 
| 116|0x000000071a400000, 0x000000071a600000, 0x000000071a600000|100%| E|CS|TAMS 0x000000071a400000, 0x000000071a400000| Complete 
| 122|0x000000071b000000, 0x000000071b200000, 0x000000071b200000|100%| E|CS|TAMS 0x000000071b000000, 0x000000071b000000| Complete 

Card table byte_map: [0x000001c5fbfb0000,0x000001c5fc760000] _byte_map_base: 0x000001c5f8752000

Marking Bits (Prev, Next): (CMBitMap*) 0x000001c5faf293d0, (CMBitMap*) 0x000001c5faf29410
 Prev Bits: [0x000001c5967e0000, 0x000001c59a4f0000)
 Next Bits: [0x000001c59a4f0000, 0x000001c59e200000)

Polling page: 0x000001c5f8d60000

Metaspace:

Usage:
  Non-class:     44.34 MB used.
      Class:      6.46 MB used.
       Both:     50.79 MB used.

Virtual space:
  Non-class space:       64.00 MB reserved,      44.62 MB ( 70%) committed,  1 nodes.
      Class space:        1.00 GB reserved,       6.69 MB ( <1%) committed,  1 nodes.
             Both:        1.06 GB reserved,      51.31 MB (  5%) committed. 

Chunk freelists:
   Non-Class:  3.29 MB
       Class:  9.34 MB
        Both:  12.64 MB

MaxMetaspaceSize: unlimited
CompressedClassSpaceSize: 1.00 GB
Initial GC threshold: 21.00 MB
Current GC threshold: 85.00 MB
CDS: on
MetaspaceReclaimPolicy: balanced
 - commit_granule_bytes: 65536.
 - commit_granule_words: 8192.
 - virtual_space_node_default_size: 8388608.
 - enlarge_chunks_in_place: 1.
 - new_chunks_are_fully_committed: 0.
 - uncommit_free_chunks: 1.
 - use_allocation_guard: 0.
 - handle_deallocations: 1.


Internal statistics:

num_allocs_failed_limit: 6.
num_arena_births: 728.
num_arena_deaths: 8.
num_vsnodes_births: 2.
num_vsnodes_deaths: 0.
num_space_committed: 821.
num_space_uncommitted: 0.
num_chunks_returned_to_freelist: 18.
num_chunks_taken_from_freelist: 2514.
num_chunk_merges: 9.
num_chunk_splits: 1727.
num_chunks_enlarged: 1284.
num_inconsistent_stats: 0.

CodeHeap 'non-profiled nmethods': size=119168Kb used=4254Kb max_used=4254Kb free=114913Kb
 bounds [0x000001c58f380000, 0x000001c58f7b0000, 0x000001c5967e0000]
CodeHeap 'profiled nmethods': size=119104Kb used=15961Kb max_used=15961Kb free=103142Kb
 bounds [0x000001c5877e0000, 0x000001c588780000, 0x000001c58ec30000]
CodeHeap 'non-nmethods': size=7488Kb used=2996Kb max_used=3049Kb free=4491Kb
 bounds [0x000001c58ec30000, 0x000001c58ef40000, 0x000001c58f380000]
 total_blobs=8084 nmethods=7460 adapters=532
 compilation: enabled
              stopped_count=0, restarted_count=0
 full_count=0

Compilation events (20 events):
Event: 6.499 Thread 0x000001c59e23ce10 8261   !   3       org.apache.coyote.http11.Http11OutputBuffer::writeHeaders (103 bytes)
Event: 6.499 Thread 0x000001c59ecb2610 8262       3       org.apache.catalina.connector.Response::getContentWritten (8 bytes)
Event: 6.500 Thread 0x000001c59ecb0630 8263       3       org.apache.catalina.connector.OutputBuffer::getContentWritten (10 bytes)
Event: 6.500 Thread 0x000001c59ecb2610 nmethod 8262 0x000001c588767190 code [0x000001c588767320, 0x000001c588767498]
Event: 6.500 Thread 0x000001c59ecb0630 nmethod 8263 0x000001c588768890 code [0x000001c588768a20, 0x000001c588768b38]
Event: 6.500 Thread 0x000001c59e23ce10 nmethod 8261 0x000001c588767590 code [0x000001c588767800, 0x000001c5887683e8]
Event: 6.502 Thread 0x000001c59e2f9780 nmethod 8260 0x000001c588768c10 code [0x000001c588769460, 0x000001c58876df88]
Event: 6.513 Thread 0x000001c59e2f9780 8264   !   3       org.apache.tomcat.util.net.AbstractEndpoint::processSocket (149 bytes)
Event: 6.513 Thread 0x000001c59ecb0630 8265   !   3       org.apache.coyote.http11.Http11Processor::ack (58 bytes)
Event: 6.514 Thread 0x000001c59ecb0630 nmethod 8265 0x000001c58876fd10 code [0x000001c58876fee0, 0x000001c588770358]
Event: 6.514 Thread 0x000001c59e2f9780 nmethod 8264 0x000001c588770510 code [0x000001c588770860, 0x000001c5887720e8]
Event: 6.532 Thread 0x000001c59e2f9780 8266       3       com.fasterxml.jackson.core.base.ParserBase::_parseNumericValue (237 bytes)
Event: 6.532 Thread 0x000001c59e2f9780 nmethod 8266 0x000001c588772990 code [0x000001c588772c40, 0x000001c588773bb8]
Event: 6.533 Thread 0x000001c59e23ce10 8267       3       org.apache.tomcat.util.net.NioEndpoint$NioSocketWrapper::registerReadInterest (46 bytes)
Event: 6.533 Thread 0x000001c59e23ce10 nmethod 8267 0x000001c588774010 code [0x000001c588774240, 0x000001c588774aa8]
Event: 6.557 Thread 0x000001c59ecb2610 8269   !   3       org.apache.catalina.connector.Response::setContentType (149 bytes)
Event: 6.557 Thread 0x000001c59ecb2610 nmethod 8269 0x000001c588774d90 code [0x000001c588775040, 0x000001c588775d98]
Event: 6.558 Thread 0x000001c59ecb1b70 8255       4       java.lang.CharacterDataLatin1::isWhitespace (23 bytes)
Event: 6.558 Thread 0x000001c59ecb1b70 nmethod 8255 0x000001c58f7a7890 code [0x000001c58f7a7a00, 0x000001c58f7a7ab8]
Event: 6.558 Thread 0x000001c59ecb1b70 8254       4       java.net.URLStreamHandler::parseURL (1201 bytes)

GC Heap History (20 events):
Event: 1.619 GC heap before
{Heap before GC invocations=3 (full 0):
 garbage-first heap   total 251904K, used 24754K [0x000000070bc00000, 0x0000000800000000)
  region size 2048K, 10 young (20480K), 4 survivors (8192K)
 Metaspace       used 21239K, committed 21504K, reserved 1114112K
  class space    used 2599K, committed 2752K, reserved 1048576K
}
Event: 1.624 GC heap after
{Heap after GC invocations=4 (full 0):
 garbage-first heap   total 251904K, used 15813K [0x000000070bc00000, 0x0000000800000000)
  region size 2048K, 4 young (8192K), 4 survivors (8192K)
 Metaspace       used 21239K, committed 21504K, reserved 1114112K
  class space    used 2599K, committed 2752K, reserved 1048576K
}
Event: 2.142 GC heap before
{Heap before GC invocations=5 (full 0):
 garbage-first heap   total 61440K, used 42437K [0x000000070bc00000, 0x0000000800000000)
  region size 2048K, 18 young (36864K), 4 survivors (8192K)
 Metaspace       used 25846K, committed 26176K, reserved 1114112K
  class space    used 3300K, committed 3456K, reserved 1048576K
}
Event: 2.149 GC heap after
{Heap after GC invocations=6 (full 0):
 garbage-first heap   total 61440K, used 18331K [0x000000070bc00000, 0x0000000800000000)
  region size 2048K, 5 young (10240K), 5 survivors (10240K)
 Metaspace       used 25846K, committed 26176K, reserved 1114112K
  class space    used 3300K, committed 3456K, reserved 1048576K
}
Event: 2.720 GC heap before
{Heap before GC invocations=6 (full 0):
 garbage-first heap   total 61440K, used 42907K [0x000000070bc00000, 0x0000000800000000)
  region size 2048K, 17 young (34816K), 5 survivors (10240K)
 Metaspace       used 32513K, committed 32960K, reserved 1114112K
  class space    used 4157K, committed 4352K, reserved 1048576K
}
Event: 2.725 GC heap after
{Heap after GC invocations=7 (full 0):
 garbage-first heap   total 61440K, used 20333K [0x000000070bc00000, 0x0000000800000000)
  region size 2048K, 3 young (6144K), 3 survivors (6144K)
 Metaspace       used 32513K, committed 32960K, reserved 1114112K
  class space    used 4157K, committed 4352K, reserved 1048576K
}
Event: 2.959 GC heap before
{Heap before GC invocations=7 (full 0):
 garbage-first heap   total 61440K, used 36717K [0x000000070bc00000, 0x0000000800000000)
  region size 2048K, 12 young (24576K), 3 survivors (6144K)
 Metaspace       used 35572K, committed 35968K, reserved 1114112K
  class space    used 4646K, committed 4864K, reserved 1048576K
}
Event: 2.961 GC heap after
{Heap after GC invocations=8 (full 0):
 garbage-first heap   total 61440K, used 22149K [0x000000070bc00000, 0x0000000800000000)
  region size 2048K, 2 young (4096K), 2 survivors (4096K)
 Metaspace       used 35572K, committed 35968K, reserved 1114112K
  class space    used 4646K, committed 4864K, reserved 1048576K
}
Event: 3.283 GC heap before
{Heap before GC invocations=9 (full 0):
 garbage-first heap   total 61440K, used 42629K [0x000000070bc00000, 0x0000000800000000)
  region size 2048K, 13 young (26624K), 2 survivors (4096K)
 Metaspace       used 39987K, committed 40448K, reserved 1114112K
  class space    used 5201K, committed 5440K, reserved 1048576K
}
Event: 3.286 GC heap after
{Heap after GC invocations=10 (full 0):
 garbage-first heap   total 61440K, used 24475K [0x000000070bc00000, 0x0000000800000000)
  region size 2048K, 2 young (4096K), 2 survivors (4096K)
 Metaspace       used 39987K, committed 40448K, reserved 1114112K
  class space    used 5201K, committed 5440K, reserved 1048576K
}
Event: 3.748 GC heap before
{Heap before GC invocations=10 (full 0):
 garbage-first heap   total 61440K, used 42907K [0x000000070bc00000, 0x0000000800000000)
  region size 2048K, 12 young (24576K), 2 survivors (4096K)
 Metaspace       used 44848K, committed 45312K, reserved 1114112K
  class space    used 5860K, committed 6080K, reserved 1048576K
}
Event: 3.751 GC heap after
{Heap after GC invocations=11 (full 0):
 garbage-first heap   total 61440K, used 27201K [0x000000070bc00000, 0x0000000800000000)
  region size 2048K, 2 young (4096K), 2 survivors (4096K)
 Metaspace       used 44848K, committed 45312K, reserved 1114112K
  class space    used 5860K, committed 6080K, reserved 1048576K
}
Event: 4.119 GC heap before
{Heap before GC invocations=11 (full 0):
 garbage-first heap   total 61440K, used 45633K [0x000000070bc00000, 0x0000000800000000)
  region size 2048K, 11 young (22528K), 2 survivors (4096K)
 Metaspace       used 49056K, committed 49536K, reserved 1114112K
  class space    used 6425K, committed 6656K, reserved 1048576K
}
Event: 4.122 GC heap after
{Heap after GC invocations=12 (full 0):
 garbage-first heap   total 61440K, used 28722K [0x000000070bc00000, 0x0000000800000000)
  region size 2048K, 1 young (2048K), 1 survivors (2048K)
 Metaspace       used 49056K, committed 49536K, reserved 1114112K
  class space    used 6425K, committed 6656K, reserved 1048576K
}
Event: 4.560 GC heap before
{Heap before GC invocations=12 (full 0):
 garbage-first heap   total 61440K, used 43058K [0x000000070bc00000, 0x0000000800000000)
  region size 2048K, 9 young (18432K), 1 survivors (2048K)
 Metaspace       used 51058K, committed 51584K, reserved 1114112K
  class space    used 6614K, committed 6848K, reserved 1048576K
}
Event: 4.562 GC heap after
{Heap after GC invocations=13 (full 0):
 garbage-first heap   total 61440K, used 29035K [0x000000070bc00000, 0x0000000800000000)
  region size 2048K, 2 young (4096K), 2 survivors (4096K)
 Metaspace       used 51058K, committed 51584K, reserved 1114112K
  class space    used 6614K, committed 6848K, reserved 1048576K
}
Event: 5.002 GC heap before
{Heap before GC invocations=14 (full 0):
 garbage-first heap   total 61440K, used 43371K [0x000000070bc00000, 0x0000000800000000)
  region size 2048K, 10 young (20480K), 2 survivors (4096K)
 Metaspace       used 51465K, committed 51968K, reserved 1114112K
  class space    used 6612K, committed 6848K, reserved 1048576K
}
Event: 5.003 GC heap after
{Heap after GC invocations=15 (full 0):
 garbage-first heap   total 61440K, used 28953K [0x000000070bc00000, 0x0000000800000000)
  region size 2048K, 1 young (2048K), 1 survivors (2048K)
 Metaspace       used 51465K, committed 51968K, reserved 1114112K
  class space    used 6612K, committed 6848K, reserved 1048576K
}
Event: 5.785 GC heap before
{Heap before GC invocations=15 (full 0):
 garbage-first heap   total 61440K, used 45337K [0x000000070bc00000, 0x0000000800000000)
  region size 2048K, 10 young (20480K), 1 survivors (2048K)
 Metaspace       used 51720K, committed 52224K, reserved 1114112K
  class space    used 6612K, committed 6848K, reserved 1048576K
}
Event: 5.787 GC heap after
{Heap after GC invocations=16 (full 0):
 garbage-first heap   total 61440K, used 29015K [0x000000070bc00000, 0x0000000800000000)
  region size 2048K, 2 young (4096K), 2 survivors (4096K)
 Metaspace       used 51720K, committed 52224K, reserved 1114112K
  class space    used 6612K, committed 6848K, reserved 1048576K
}

Deoptimization events (20 events):
Event: 4.212 Thread 0x000001c5e84b6620 Uncommon trap: trap_request=0xffffffde fr.pc=0x000001c58f506aec relative=0x0000000000000e6c
Event: 4.212 Thread 0x000001c5e84b6620 Uncommon trap: reason=class_check action=maybe_recompile pc=0x000001c58f506aec method=java.util.HashMap.putVal(ILjava/lang/Object;Ljava/lang/Object;ZZ)Ljava/lang/Object; @ 203 c2
Event: 4.212 Thread 0x000001c5e84b6620 DEOPT PACKING pc=0x000001c58f506aec sp=0x0000009a38dfef90
Event: 4.213 Thread 0x000001c5e84b6620 DEOPT UNPACKING pc=0x000001c58ec823a3 sp=0x0000009a38dfef20 mode 2
Event: 4.221 Thread 0x000001c5e84b6620 Uncommon trap: trap_request=0xffffffde fr.pc=0x000001c58f506aec relative=0x0000000000000e6c
Event: 4.221 Thread 0x000001c5e84b6620 Uncommon trap: reason=class_check action=maybe_recompile pc=0x000001c58f506aec method=java.util.HashMap.putVal(ILjava/lang/Object;Ljava/lang/Object;ZZ)Ljava/lang/Object; @ 203 c2
Event: 4.221 Thread 0x000001c5e84b6620 DEOPT PACKING pc=0x000001c58f506aec sp=0x0000009a38dfef90
Event: 4.221 Thread 0x000001c5e84b6620 DEOPT UNPACKING pc=0x000001c58ec823a3 sp=0x0000009a38dfef20 mode 2
Event: 4.227 Thread 0x000001c5e84b6620 Uncommon trap: trap_request=0xffffffde fr.pc=0x000001c58f506aec relative=0x0000000000000e6c
Event: 4.227 Thread 0x000001c5e84b6620 Uncommon trap: reason=class_check action=maybe_recompile pc=0x000001c58f506aec method=java.util.HashMap.putVal(ILjava/lang/Object;Ljava/lang/Object;ZZ)Ljava/lang/Object; @ 203 c2
Event: 4.227 Thread 0x000001c5e84b6620 DEOPT PACKING pc=0x000001c58f506aec sp=0x0000009a38dfef90
Event: 4.227 Thread 0x000001c5e84b6620 DEOPT UNPACKING pc=0x000001c58ec823a3 sp=0x0000009a38dfef20 mode 2
Event: 4.494 Thread 0x000001c5e538a300 Uncommon trap: trap_request=0xffffffdc fr.pc=0x000001c58f7002d4 relative=0x0000000000000234
Event: 4.494 Thread 0x000001c5e538a300 Uncommon trap: reason=class_check action=make_not_entrant pc=0x000001c58f7002d4 method=java.util.ArrayList.toArray([Ljava/lang/Object;)[Ljava/lang/Object; @ 21 c2
Event: 4.494 Thread 0x000001c5e538a300 DEOPT PACKING pc=0x000001c58f7002d4 sp=0x0000009a386fcd60
Event: 4.494 Thread 0x000001c5e538a300 DEOPT UNPACKING pc=0x000001c58ec823a3 sp=0x0000009a386fcd10 mode 2
Event: 5.039 Thread 0x000001c5e53898e0 DEOPT PACKING pc=0x000001c587877ef4 sp=0x0000009a385f9690
Event: 5.039 Thread 0x000001c5e53898e0 DEOPT UNPACKING pc=0x000001c58ec82b43 sp=0x0000009a385f8c10 mode 0
Event: 5.862 Thread 0x000001c5e53898e0 DEOPT PACKING pc=0x000001c58856045c sp=0x0000009a385fa0b0
Event: 5.862 Thread 0x000001c5e53898e0 DEOPT UNPACKING pc=0x000001c58ec82b43 sp=0x0000009a385f9530 mode 0

Classes unloaded (4 events):
Event: 4.575 Thread 0x000001c5ff32e510 Unloading class 0x000001c5a0581400 'java/lang/invoke/LambdaForm$DMH+0x000001c5a0581400'
Event: 4.575 Thread 0x000001c5ff32e510 Unloading class 0x000001c5a0581000 'java/lang/invoke/LambdaForm$DMH+0x000001c5a0581000'
Event: 4.575 Thread 0x000001c5ff32e510 Unloading class 0x000001c5a0580800 'java/lang/invoke/LambdaForm$DMH+0x000001c5a0580800'
Event: 4.575 Thread 0x000001c5ff32e510 Unloading class 0x000001c5a0580000 'java/lang/invoke/LambdaForm$DMH+0x000001c5a0580000'

Classes redefined (0 events):
No events

Internal exceptions (20 events):
Event: 3.433 Thread 0x000001c5e53893d0 Exception <a 'java/lang/NoSuchMethodError'{0x000000071a0c02a8}: 'java.lang.Object java.lang.invoke.DirectMethodHandle$Holder.invokeInterface(java.lang.Object, java.lang.Object, long)'> (0x000000071a0c02a8) 
thrown [s\open\src\hotspot\share\interpreter\linkResolver.cpp, line 759]
Event: 3.433 Thread 0x000001c5e5387a80 Exception <a 'java/lang/NoSuchMethodError'{0x000000071a0b1388}: 'java.lang.Object java.lang.invoke.DirectMethodHandle$Holder.invokeInterface(java.lang.Object, java.lang.Object, long)'> (0x000000071a0b1388) 
thrown [s\open\src\hotspot\share\interpreter\linkResolver.cpp, line 759]
Event: 3.433 Thread 0x000001c5e5387f90 Exception <a 'java/lang/NoSuchMethodError'{0x000000071a0ba120}: 'java.lang.Object java.lang.invoke.DirectMethodHandle$Holder.invokeInterface(java.lang.Object, java.lang.Object, long)'> (0x000000071a0ba120) 
thrown [s\open\src\hotspot\share\interpreter\linkResolver.cpp, line 759]
Event: 3.439 Thread 0x000001c5f8d2c200 Exception <a 'java/lang/IncompatibleClassChangeError'{0x000000071a10dda8}: Found class java.lang.Object, but interface was expected> (0x000000071a10dda8) 
thrown [s\open\src\hotspot\share\interpreter\linkResolver.cpp, line 826]
Event: 3.522 Thread 0x000001c5f8d2c200 Exception <a 'java/lang/NoSuchMethodError'{0x000000070ecd45d8}: 'java.lang.Object java.lang.invoke.DirectMethodHandle$Holder.invokeStaticInit(java.lang.Object, java.lang.Object, java.lang.Object, java.lang.Object)'> (0x000000070ecd45d8) 
thrown [s\open\src\hotspot\share\interpreter\linkResolver.cpp, line 759]
Event: 3.655 Thread 0x000001c5f8d2c200 Exception <a 'java/lang/NoSuchMethodError'{0x000000070e99f758}: 'void java.lang.invoke.DirectMethodHandle$Holder.invokeVirtual(java.lang.Object, java.lang.Object, long)'> (0x000000070e99f758) 
thrown [s\open\src\hotspot\share\interpreter\linkResolver.cpp, line 759]
Event: 3.866 Thread 0x000001c5e53893d0 Exception <a 'java/lang/NoSuchMethodError'{0x000000071a077a68}: 'void java.lang.invoke.DirectMethodHandle$Holder.invokeStatic(java.lang.Object, long)'> (0x000000071a077a68) 
thrown [s\open\src\hotspot\share\interpreter\linkResolver.cpp, line 759]
Event: 3.866 Thread 0x000001c5e5387a80 Exception <a 'java/lang/NoSuchMethodError'{0x000000071a0824a0}: 'void java.lang.invoke.DirectMethodHandle$Holder.invokeStatic(java.lang.Object, long)'> (0x000000071a0824a0) 
thrown [s\open\src\hotspot\share\interpreter\linkResolver.cpp, line 759]
Event: 3.866 Thread 0x000001c5e5387f90 Exception <a 'java/lang/NoSuchMethodError'{0x000000071a088b90}: 'void java.lang.invoke.DirectMethodHandle$Holder.invokeStatic(java.lang.Object, long)'> (0x000000071a088b90) 
thrown [s\open\src\hotspot\share\interpreter\linkResolver.cpp, line 759]
Event: 3.877 Thread 0x000001c5f8d2c200 Exception <a 'java/lang/NoSuchMethodError'{0x000000071a0d3700}: 'java.lang.Object java.lang.invoke.DirectMethodHandle$Holder.invokeSpecial(java.lang.Object, java.lang.Object, java.lang.Object, java.lang.Object, java.lang.Object, java.lang.Object, java.lang.Object, java.lang.Object, java.lang.Object, java.lang.Object, java.lang.Object)'> (0x000000071a0d3700) 
thrown [s\open\src\hotspot\share\interpreter\linkResolver.cpp, line 759]
Event: 3.877 Thread 0x000001c5f8d2c200 Exception <a 'java/lang/NoSuchMethodError'{0x000000071a10ca40}: 'java.lang.Object java.lang.invoke.Invokers$Holder.invoke_MT(java.lang.Object, java.lang.Object, java.lang.Object, java.lang.Object, java.lang.Object, java.lang.Object, java.lang.Object, java.lang.Object, java.lang.Object, java.lang.Object, java.lang.Object)'> (0x000000071a10ca40) 
thrown [s\open\src\hotspot\share\interpreter\linkResolver.cpp, line 759]
Event: 3.917 Thread 0x000001c5f8d2c200 Exception <a 'java/lang/NoSuchMethodError'{0x0000000719f5da30}: 'java.lang.Object java.lang.invoke.DirectMethodHandle$Holder.newInvokeSpecial(java.lang.Object, java.lang.Object, int, java.lang.Object, java.lang.Object)'> (0x0000000719f5da30) 
thrown [s\open\src\hotspot\share\interpreter\linkResolver.cpp, line 759]
Event: 4.023 Thread 0x000001c5e84b56f0 Exception <a 'java/lang/reflect/InvocationTargetException'{0x000000070eabd8b8}> (0x000000070eabd8b8) 
thrown [s\open\src\hotspot\share\runtime\reflection.cpp, line 1121]
Event: 4.023 Thread 0x000001c5e84b7550 Exception <a 'java/lang/reflect/InvocationTargetException'{0x000000070ead6978}> (0x000000070ead6978) 
thrown [s\open\src\hotspot\share\runtime\reflection.cpp, line 1121]
Event: 4.023 Thread 0x000001c5e84b5c00 Exception <a 'java/lang/reflect/InvocationTargetException'{0x000000070eae21d8}> (0x000000070eae21d8) 
thrown [s\open\src\hotspot\share\runtime\reflection.cpp, line 1121]
Event: 4.028 Thread 0x000001c5e53893d0 Exception <a 'java/lang/NoSuchMethodError'{0x000000070eb05aa8}: 'void java.lang.invoke.DirectMethodHandle$Holder.invokeStatic(java.lang.Object, java.lang.Object, long)'> (0x000000070eb05aa8) 
thrown [s\open\src\hotspot\share\interpreter\linkResolver.cpp, line 759]
Event: 4.028 Thread 0x000001c5e5387a80 Exception <a 'java/lang/NoSuchMethodError'{0x000000070eafe5e0}: 'void java.lang.invoke.DirectMethodHandle$Holder.invokeStatic(java.lang.Object, java.lang.Object, long)'> (0x000000070eafe5e0) 
thrown [s\open\src\hotspot\share\interpreter\linkResolver.cpp, line 759]
Event: 4.028 Thread 0x000001c5e5387f90 Exception <a 'java/lang/NoSuchMethodError'{0x000000070eb58560}: 'void java.lang.invoke.DirectMethodHandle$Holder.invokeStatic(java.lang.Object, java.lang.Object, long)'> (0x000000070eb58560) 
thrown [s\open\src\hotspot\share\interpreter\linkResolver.cpp, line 759]
Event: 4.036 Thread 0x000001c5e53889b0 Exception <a 'java/lang/NoSuchMethodError'{0x000000070ebec480}: 'java.lang.Object java.lang.invoke.DirectMethodHandle$Holder.invokeSpecial(java.lang.Object, java.lang.Object, java.lang.Object, java.lang.Object, java.lang.Object, long)'> (0x000000070ebec480) 
thrown [s\open\src\hotspot\share\interpreter\linkResolver.cpp, line 759]
Event: 4.036 Thread 0x000001c5e53889b0 Exception <a 'java/lang/NoSuchMethodError'{0x000000070ebefec0}: 'java.lang.Object java.lang.invoke.Invokers$Holder.linkToTargetMethod(java.lang.Object, java.lang.Object, java.lang.Object, long, java.lang.Object)'> (0x000000070ebefec0) 
thrown [s\open\src\hotspot\share\interpreter\linkResolver.cpp, line 759]

VM Operations (20 events):
Event: 4.182 Executing VM operation: HandshakeAllThreads
Event: 4.183 Executing VM operation: HandshakeAllThreads done
Event: 4.354 Executing VM operation: ICBufferFull
Event: 4.354 Executing VM operation: ICBufferFull done
Event: 4.560 Executing VM operation: G1CollectForAllocation
Event: 4.562 Executing VM operation: G1CollectForAllocation done
Event: 4.575 Executing VM operation: G1Concurrent
Event: 4.580 Executing VM operation: G1Concurrent done
Event: 4.584 Executing VM operation: G1Concurrent
Event: 4.585 Executing VM operation: G1Concurrent done
Event: 4.909 Executing VM operation: HandshakeAllThreads
Event: 4.909 Executing VM operation: HandshakeAllThreads done
Event: 5.002 Executing VM operation: G1CollectForAllocation
Event: 5.003 Executing VM operation: G1CollectForAllocation done
Event: 5.785 Executing VM operation: G1CollectForAllocation
Event: 5.787 Executing VM operation: G1CollectForAllocation done
Event: 5.799 Executing VM operation: G1Concurrent
Event: 5.801 Executing VM operation: G1Concurrent done
Event: 5.806 Executing VM operation: G1Concurrent
Event: 5.806 Executing VM operation: G1Concurrent done

Events (20 events):
Event: 4.187 loading class java/util/AbstractMap$SimpleEntry
Event: 4.188 loading class java/util/AbstractMap$SimpleEntry done
Event: 4.194 loading class java/util/stream/LongStream
Event: 4.195 loading class java/util/stream/LongStream done
Event: 4.195 loading class java/util/stream/DoubleStream
Event: 4.195 loading class java/util/stream/DoubleStream done
Event: 4.256 loading class sun/security/ssl/PreSharedKeyExtension$SHPreSharedKeySpec
Event: 4.256 loading class sun/security/ssl/PreSharedKeyExtension$SHPreSharedKeySpec done
Event: 4.910 Thread 0x000001c59e248880 flushing nmethod 0x000001c58f49a710
Event: 4.911 Thread 0x000001c59e248880 flushing nmethod 0x000001c58790da10
Event: 4.913 Thread 0x000001c59e248880 flushing nmethod 0x000001c587e2c910
Event: 4.913 Thread 0x000001c59e248880 flushing nmethod 0x000001c587e8f310
Event: 4.913 Thread 0x000001c59e248880 flushing nmethod 0x000001c587e8f990
Event: 4.913 Thread 0x000001c59e248880 flushing nmethod 0x000001c587edeb90
Event: 5.714 Thread 0x000001c59ecb00e0 Thread exited: 0x000001c59ecb00e0
Event: 5.714 Thread 0x000001c59ecb20c0 Thread exited: 0x000001c59ecb20c0
Event: 5.714 Thread 0x000001c59ecb1b70 Thread exited: 0x000001c59ecb1b70
Event: 5.714 Thread 0x000001c59e471e70 Thread exited: 0x000001c59e471e70
Event: 5.987 Thread 0x000001c59e408130 Thread exited: 0x000001c59e408130
Event: 6.557 Thread 0x000001c59ecb1b70 Thread added: 0x000001c59ecb1b70


Dynamic libraries:
0x00007ff643cc0000 - 0x00007ff643cd0000 	C:\Program Files\Java\jdk-17\bin\java.exe
0x00007ff8da200000 - 0x00007ff8da460000 	C:\WINDOWS\SYSTEM32\ntdll.dll
0x00007ff8d86b0000 - 0x00007ff8d8777000 	C:\WINDOWS\System32\KERNEL32.DLL
0x00007ff8d76e0000 - 0x00007ff8d7aaa000 	C:\WINDOWS\System32\KERNELBASE.dll
0x00007ff8d7bf0000 - 0x00007ff8d7d3b000 	C:\WINDOWS\System32\ucrtbase.dll
0x00007ff8baf10000 - 0x00007ff8baf2b000 	C:\Program Files\Java\jdk-17\bin\VCRUNTIME140.dll
0x00007ff8baef0000 - 0x00007ff8baf09000 	C:\Program Files\Java\jdk-17\bin\jli.dll
0x00007ff8d9e80000 - 0x00007ff8d9f32000 	C:\WINDOWS\System32\ADVAPI32.dll
0x00007ff8d8600000 - 0x00007ff8d86a9000 	C:\WINDOWS\System32\msvcrt.dll
0x00007ff8d8550000 - 0x00007ff8d85f6000 	C:\WINDOWS\System32\sechost.dll
0x00007ff8d8940000 - 0x00007ff8d8a56000 	C:\WINDOWS\System32\RPCRT4.dll
0x00007ff8d8110000 - 0x00007ff8d82dc000 	C:\WINDOWS\System32\USER32.dll
0x00007ff8d76b0000 - 0x00007ff8d76d7000 	C:\WINDOWS\System32\win32u.dll
0x00007ff8bf550000 - 0x00007ff8bf7e7000 	C:\WINDOWS\WinSxS\amd64_microsoft.windows.common-controls_6595b64144ccf1df_6.0.26100.3624_none_3e086962e3345f24\COMCTL32.dll
0x00007ff8da180000 - 0x00007ff8da1aa000 	C:\WINDOWS\System32\GDI32.dll
0x00007ff8d7ab0000 - 0x00007ff8d7be1000 	C:\WINDOWS\System32\gdi32full.dll
0x00007ff8d7f50000 - 0x00007ff8d7ff3000 	C:\WINDOWS\System32\msvcp_win.dll
0x00007ff8d0030000 - 0x00007ff8d003b000 	C:\WINDOWS\SYSTEM32\VERSION.dll
0x00007ff8d8ab0000 - 0x00007ff8d8adf000 	C:\WINDOWS\System32\IMM32.DLL
0x00007ff8bd980000 - 0x00007ff8bd98c000 	C:\Program Files\Java\jdk-17\bin\vcruntime140_1.dll
0x00007ff8bae60000 - 0x00007ff8baeee000 	C:\Program Files\Java\jdk-17\bin\msvcp140.dll
0x00007fffef780000 - 0x00007ffff035f000 	C:\Program Files\Java\jdk-17\bin\server\jvm.dll
0x00007ff8d82e0000 - 0x00007ff8d82e8000 	C:\WINDOWS\System32\PSAPI.DLL
0x00007ff8c5500000 - 0x00007ff8c5536000 	C:\WINDOWS\SYSTEM32\WINMM.dll
0x00007ff8a5d00000 - 0x00007ff8a5d0a000 	C:\WINDOWS\SYSTEM32\WSOCK32.dll
0x00007ff8d87e0000 - 0x00007ff8d8854000 	C:\WINDOWS\System32\WS2_32.dll
0x00007ff8d61b0000 - 0x00007ff8d61ca000 	C:\WINDOWS\SYSTEM32\kernel.appcore.dll
0x00007ff8bae50000 - 0x00007ff8bae5a000 	C:\Program Files\Java\jdk-17\bin\jimage.dll
0x00007ff8d4bd0000 - 0x00007ff8d4e11000 	C:\WINDOWS\SYSTEM32\DBGHELP.DLL
0x00007ff8d9ae0000 - 0x00007ff8d9e62000 	C:\WINDOWS\System32\combase.dll
0x00007ff8d9f40000 - 0x00007ff8da016000 	C:\WINDOWS\System32\OLEAUT32.dll
0x00007ff8088d0000 - 0x00007ff808909000 	C:\WINDOWS\SYSTEM32\dbgcore.DLL
0x00007ff8d7d40000 - 0x00007ff8d7dd9000 	C:\WINDOWS\System32\bcryptPrimitives.dll
0x00007ff8bae20000 - 0x00007ff8bae45000 	C:\Program Files\Java\jdk-17\bin\java.dll
0x00007ff885dd0000 - 0x00007ff885ea7000 	C:\Program Files\Java\jdk-17\bin\jsvml.dll
0x00007ff8d8af0000 - 0x00007ff8d9219000 	C:\WINDOWS\System32\SHELL32.dll
0x00007ff8d7de0000 - 0x00007ff8d7f48000 	C:\WINDOWS\System32\wintypes.dll
0x00007ff8d5040000 - 0x00007ff8d5892000 	C:\WINDOWS\SYSTEM32\windows.storage.dll
0x00007ff8d99f0000 - 0x00007ff8d9add000 	C:\WINDOWS\System32\SHCORE.dll
0x00007ff8d96d0000 - 0x00007ff8d9734000 	C:\WINDOWS\System32\shlwapi.dll
0x00007ff8d72f0000 - 0x00007ff8d731f000 	C:\WINDOWS\SYSTEM32\profapi.dll
0x00007ff8bae00000 - 0x00007ff8bae19000 	C:\Program Files\Java\jdk-17\bin\net.dll
0x00007ff8cf730000 - 0x00007ff8cf84d000 	C:\WINDOWS\SYSTEM32\WINHTTP.dll
0x00007ff8d66b0000 - 0x00007ff8d671a000 	C:\WINDOWS\system32\mswsock.dll
0x00007ff8bade0000 - 0x00007ff8badf6000 	C:\Program Files\Java\jdk-17\bin\nio.dll
0x00007ff8badc0000 - 0x00007ff8badd8000 	C:\Program Files\Java\jdk-17\bin\zip.dll
0x00007ff8badb0000 - 0x00007ff8badc0000 	C:\Program Files\Java\jdk-17\bin\verify.dll
0x00007ff8b6fe0000 - 0x00007ff8b6fee000 	C:\Program Files\Java\jdk-17\bin\sunmscapi.dll
0x00007ff8d73e0000 - 0x00007ff8d7557000 	C:\WINDOWS\System32\CRYPT32.dll
0x00007ff8d6cd0000 - 0x00007ff8d6d00000 	C:\WINDOWS\SYSTEM32\ncrypt.dll
0x00007ff8d6c80000 - 0x00007ff8d6cbf000 	C:\WINDOWS\SYSTEM32\NTASN1.dll
0x00007ff8d6a60000 - 0x00007ff8d6a7c000 	C:\WINDOWS\SYSTEM32\CRYPTSP.dll
0x00007ff8d6110000 - 0x00007ff8d614a000 	C:\WINDOWS\system32\rsaenh.dll
0x00007ff8d6750000 - 0x00007ff8d677b000 	C:\WINDOWS\SYSTEM32\USERENV.dll
0x00007ff8d72c0000 - 0x00007ff8d72e6000 	C:\WINDOWS\SYSTEM32\bcrypt.dll
0x00007ff8d68e0000 - 0x00007ff8d68ec000 	C:\WINDOWS\SYSTEM32\CRYPTBASE.dll
0x00007ff8d5bc0000 - 0x00007ff8d5bf3000 	C:\WINDOWS\SYSTEM32\IPHLPAPI.DLL
0x00007ff8d9e70000 - 0x00007ff8d9e7a000 	C:\WINDOWS\System32\NSI.dll
0x00007ff8cfb30000 - 0x00007ff8cfb4f000 	C:\WINDOWS\SYSTEM32\dhcpcsvc6.DLL
0x00007ff8cfac0000 - 0x00007ff8cfae5000 	C:\WINDOWS\SYSTEM32\dhcpcsvc.DLL
0x00007ff8d5c00000 - 0x00007ff8d5d25000 	C:\WINDOWS\SYSTEM32\DNSAPI.dll
0x00007ff8b67a0000 - 0x00007ff8b67aa000 	C:\Program Files\Java\jdk-17\bin\management.dll
0x00007ff8b25a0000 - 0x00007ff8b25ab000 	C:\Program Files\Java\jdk-17\bin\management_ext.dll
0x00007ff8cc1c0000 - 0x00007ff8cc1cb000 	C:\Windows\System32\rasadhlp.dll
0x00007ff8d08b0000 - 0x00007ff8d0935000 	C:\WINDOWS\System32\fwpuclnt.dll
0x00007ff8cb0d0000 - 0x00007ff8cb0d8000 	C:\WINDOWS\system32\wshunix.dll

dbghelp: loaded successfully - version: 4.0.5 - missing functions: none
symbol engine: initialized successfully - sym options: 0x614 - pdb path: .;C:\Program Files\Java\jdk-17\bin;C:\WINDOWS\SYSTEM32;C:\WINDOWS\WinSxS\amd64_microsoft.windows.common-controls_6595b64144ccf1df_6.0.26100.3624_none_3e086962e3345f24;C:\Program Files\Java\jdk-17\bin\server

VM Arguments:
jvm_args: -XX:+ShowCodeDetailsInExceptionMessages 
java_command: com.example.Skill.Horizon.HomeApp
java_class_path (initial): D:\final paf project\Smart--Schooler\Skill-horizon\server\target\classes;C:\Users\binuk\.m2\repository\org\projectlombok\lombok\1.18.36\lombok-1.18.36.jar;C:\Users\binuk\.m2\repository\org\springframework\boot\spring-boot-starter-data-mongodb\3.4.4\spring-boot-starter-data-mongodb-3.4.4.jar;C:\Users\binuk\.m2\repository\org\springframework\boot\spring-boot-starter\3.4.4\spring-boot-starter-3.4.4.jar;C:\Users\binuk\.m2\repository\org\springframework\boot\spring-boot\3.4.4\spring-boot-3.4.4.jar;C:\Users\binuk\.m2\repository\org\springframework\boot\spring-boot-autoconfigure\3.4.4\spring-boot-autoconfigure-3.4.4.jar;C:\Users\binuk\.m2\repository\org\springframework\boot\spring-boot-starter-logging\3.4.4\spring-boot-starter-logging-3.4.4.jar;C:\Users\binuk\.m2\repository\ch\qos\logback\logback-classic\1.5.18\logback-classic-1.5.18.jar;C:\Users\binuk\.m2\repository\ch\qos\logback\logback-core\1.5.18\logback-core-1.5.18.jar;C:\Users\binuk\.m2\repository\org\apache\logging\log4j\log4j-to-slf4j\2.24.3\log4j-to-slf4j-2.24.3.jar;C:\Users\binuk\.m2\repository\org\apache\logging\log4j\log4j-api\2.24.3\log4j-api-2.24.3.jar;C:\Users\binuk\.m2\repository\org\slf4j\jul-to-slf4j\2.0.17\jul-to-slf4j-2.0.17.jar;C:\Users\binuk\.m2\repository\jakarta\annotation\jakarta.annotation-api\2.1.1\jakarta.annotation-api-2.1.1.jar;C:\Users\binuk\.m2\repository\org\yaml\snakeyaml\2.3\snakeyaml-2.3.jar;C:\Users\binuk\.m2\repository\org\mongodb\mongodb-driver-sync\5.2.1\mongodb-driver-sync-5.2.1.jar;C:\Users\binuk\.m2\repository\org\mongodb\bson\5.2.1\bson-5.2.1.jar;C:\Users\binuk\.m2\repository\org\mongodb\mongodb-driver-core\5.2.1\mongodb-driver-core-5.2.1.jar;C:\Users\binuk\.m2\repository\org\mongodb\bson-record-codec\5.2.1\bson-record-codec-5.2.1.jar;C:\Users\binuk\.m2\repository\org\springframework\data\spring-data-mongodb\4.4.4\spring-data-mongodb-4.4.4.jar;C:\Users\binuk\.m2\repository\org\springframework\spring-tx\6.2.5\spring-tx-6.2.5.jar;C:\Users\binuk\.m2\rep
Launcher Type: SUN_STANDARD

[Global flags]
     intx CICompilerCount                          = 12                                        {product} {ergonomic}
     uint ConcGCThreads                            = 3                                         {product} {ergonomic}
     uint G1ConcRefinementThreads                  = 13                                        {product} {ergonomic}
   size_t G1HeapRegionSize                         = 2097152                                   {product} {ergonomic}
    uintx GCDrainStackTargetSize                   = 64                                        {product} {ergonomic}
   size_t InitialHeapSize                          = 257949696                                 {product} {ergonomic}
   size_t MarkStackSize                            = 4194304                                   {product} {ergonomic}
   size_t MaxHeapSize                              = 4097835008                                {product} {ergonomic}
   size_t MaxNewSize                               = 2457862144                                {product} {ergonomic}
   size_t MinHeapDeltaBytes                        = 2097152                                   {product} {ergonomic}
   size_t MinHeapSize                              = 8388608                                   {product} {ergonomic}
    uintx NonNMethodCodeHeapSize                   = 7602480                                {pd product} {ergonomic}
    uintx NonProfiledCodeHeapSize                  = 122027880                              {pd product} {ergonomic}
    uintx ProfiledCodeHeapSize                     = 122027880                              {pd product} {ergonomic}
    uintx ReservedCodeCacheSize                    = 251658240                              {pd product} {ergonomic}
     bool SegmentedCodeCache                       = true                                      {product} {ergonomic}
     bool ShowCodeDetailsInExceptionMessages       = true                                   {manageable} {command line}
   size_t SoftMaxHeapSize                          = 4097835008                             {manageable} {ergonomic}
     bool UseCompressedClassPointers               = true                           {product lp64_product} {ergonomic}
     bool UseCompressedOops                        = true                           {product lp64_product} {ergonomic}
     bool UseG1GC                                  = true                                      {product} {ergonomic}
     bool UseLargePagesIndividualAllocation        = false                                  {pd product} {ergonomic}

Logging:
Log output configuration:
 #0: stdout all=warning uptime,level,tags
 #1: stderr all=off uptime,level,tags

Environment Variables:
JAVA_HOME=C:\Users\binuk\AppData\Roaming\Code\User\globalStorage\pleiades.java-extension-pack-jdk\java\latest
PATH=C:\Users\binuk\AppData\Roaming\Code\User\globalStorage\pleiades.java-extension-pack-jdk\gradle\latest\bin;C:\Users\binuk\AppData\Roaming\Code\User\globalStorage\pleiades.java-extension-pack-jdk\maven\latest\bin;C:\Users\binuk\AppData\Roaming\Code\User\globalStorage\pleiades.java-extension-pack-jdk\java\latest\bin;C:\Program Files (x86)\VMware\VMware Workstation\bin\;C:\app\binuk\product\21c\dbhomeXE\bin;C:\Program Files\Common Files\Oracle\Java\javapath;C:\Program Files (x86)\Common Files\Oracle\Java\javapath;C:\WINDOWS\system32;C:\WINDOWS;C:\WINDOWS\System32\Wbem;C:\WINDOWS\System32\WindowsPowerShell\v1.0\;C:\WINDOWS\System32\OpenSSH\;C:\Program Files (x86)\NVIDIA Corporation\PhysX\Common;C:\Program Files (x86)\Microsoft SQL Server\160\DTS\Binn\;C:\Program Files\Azure Data Studio\bin;C:\Program Files\Microsoft SQL Server\Client SDK\ODBC\170\Tools\Binn\;C:\Program Files (x86)\Microsoft SQL Server\150\Tools\Binn\;C:\Program Files\Microsoft SQL Server\150\Tools\Binn\;C:\Program Files\Microsoft SQL Server\150\DTS\Binn\;C:\Program Files\dotnet\;C:\Program Files\nodejs\;C:\Program Files\Git\cmd;C:\Program Files\MySQL\MySQL Utilities 1.6\;C:\Program Files\NVIDIA Corporation\NVIDIA app\NvDLISR;C:\Users\binuk\AppData\Local\Programs\Python\Python313\Scripts\;C:\Users\binuk\AppData\Local\Programs\Python\Python313\;C:\Users\binuk\AppData\Local\Programs\Python\Launcher\;C:\Program Files\MySQL\MySQL Shell 8.0\bin\;C:\Program Files\Java\jre-1.8\bin;C:\Users\binuk\AppData\Roaming\npm;C:\Users\binuk\AppData\Local\Programs\Microsoft VS Code\bin;C:\Users\binuk\AppData\Local\Microsoft\WindowsApps;C:\xampp;C:\Users\binuk\Downloads\php-8.4.3.tar.gz\php-8.4.3;C:\Users\binuk\.dotnet\tools
USERNAME=binuk
LANG=en_US.UTF-8
OS=Windows_NT
PROCESSOR_IDENTIFIER=AMD64 Family 25 Model 68 Stepping 1, AuthenticAMD



---------------  S Y S T E M  ---------------

OS:
 Windows 11 , 64 bit Build 26100 (10.0.26100.3775)
OS uptime: 0 days 14:01 hours
Hyper-V role detected

CPU: total 16 (initial active 16) (16 cores per cpu, 2 threads per core) family 25 model 68 stepping 1 microcode 0xa404102, cx8, cmov, fxsr, ht, mmx, 3dnowpref, sse, sse2, sse3, ssse3, sse4a, sse4.1, sse4.2, popcnt, lzcnt, tsc, tscinvbit, avx, avx2, aes, erms, clmul, bmi1, bmi2, adx, sha, fma, vzeroupper, clflush, clflushopt, hv

Memory: 4k page, system-wide physical 15628M (1250M free)
TotalPageFile size 40582M (AvailPageFile size 7M)
current process WorkingSet (physical memory assigned to process): 226M, peak: 284M
current process commit charge ("private bytes"): 273M, peak: 427M

vm_info: Java HotSpot(TM) 64-Bit Server VM (17.0.10+11-LTS-240) for windows-amd64 JRE (17.0.10+11-LTS-240), built on Dec 19 2023 21:47:25 by "mach5one" with MS VC++ 17.1 (VS2022)

END.
