#
# There is insufficient memory for the Java Runtime Environment to continue.
# Native memory allocation (malloc) failed to allocate 1052656 bytes. Error detail: Chunk::new
# Possible reasons:
#   The system is out of physical RAM or swap space
#   This process is running with CompressedOops enabled, and the Java Heap may be blocking the growth of the native heap
# Possible solutions:
#   Reduce memory load on the system
#   Increase physical memory or swap space
#   Check if swap backing store is full
#   Decrease Java heap size (-Xmx/-Xms)
#   Decrease number of Java threads
#   Decrease Java thread stack sizes (-Xss)
#   Set larger code cache with -XX:ReservedCodeCacheSize=
#   JVM is running with Unscaled Compressed Oops mode in which the Java heap is
#     placed in the first 4GB address space. The Java Heap base address is the
#     maximum limit for the native heap growth. Please use -XX:HeapBaseMinAddress
#     to set the Java Heap base and to place the Java Heap above 4GB virtual address.
# This output file may be truncated or incomplete.
#
#  Out of Memory Error (arena.cpp:168), pid=4648, tid=5204
#
# JRE version: OpenJDK Runtime Environment Temurin-21.0.6+7 (21.0.6+7) (build 21.0.6+7-LTS)
# Java VM: OpenJDK 64-Bit Server VM Temurin-21.0.6+7 (21.0.6+7-LTS, mixed mode, sharing, tiered, compressed oops, compressed class ptrs, parallel gc, windows-amd64)
# No core dump will be written. Minidumps are not enabled by default on client versions of Windows
#

---------------  S U M M A R Y ------------

Command Line: --add-modules=ALL-SYSTEM --add-opens=java.base/java.util=ALL-UNNAMED --add-opens=java.base/java.lang=ALL-UNNAMED --add-opens=java.base/sun.nio.fs=ALL-UNNAMED -Declipse.application=org.eclipse.jdt.ls.core.id1 -Dosgi.bundles.defaultStartLevel=4 -Declipse.product=org.eclipse.jdt.ls.core.product -Djava.import.generatesMetadataFilesAtProjectRoot=false -DDetectVMInstallationsJob.disabled=true -Dfile.encoding=utf8 -XX:+UseParallelGC -XX:GCTimeRatio=4 -XX:AdaptiveSizePolicyWeight=90 -Dsun.zip.disableMemoryMapping=true -Xmx1G -Xms100m -Xlog:disable -javaagent:c:\Users\binuk\.vscode\extensions\redhat.java-1.41.1-win32-x64\lombok\lombok-1.18.36.jar -XX:+HeapDumpOnOutOfMemoryError -XX:HeapDumpPath=c:\Users\binuk\AppData\Roaming\Code\User\workspaceStorage\6a2fbbb21e74be2676c2e671e2ca6101\redhat.java -Daether.dependencyCollector.impl=bf c:\Users\binuk\.vscode\extensions\redhat.java-1.41.1-win32-x64\server\plugins\org.eclipse.equinox.launcher_1.7.0.v20250331-1702.jar -configuration c:\Users\binuk\AppData\Roaming\Code\User\globalStorage\redhat.java\1.41.1\config_win -data c:\Users\binuk\AppData\Roaming\Code\User\workspaceStorage\6a2fbbb21e74be2676c2e671e2ca6101\redhat.java\jdt_ws --pipe=\\.\pipe\lsp-61563aab27c57d080f984f4beffa0c87-sock

Host: AMD Ryzen 7 6800H with Radeon Graphics         , 16 cores, 15G,  Windows 11 , 64 bit Build 26100 (10.0.26100.3775)
Time: Sat Apr 26 12:12:28 2025 Sri Lanka Standard Time elapsed time: 12.997186 seconds (0d 0h 0m 12s)

---------------  T H R E A D  ---------------

Current thread (0x00000269d27f3c30):  JavaThread "C2 CompilerThread0" daemon [_thread_in_native, id=5204, stack(0x0000009e05700000,0x0000009e05800000) (1024K)]


Current CompileTask:
C2:12997 13731   !   4       org.eclipse.jdt.internal.core.search.indexing.BinaryIndexer::indexDocument (1204 bytes)

Stack: [0x0000009e05700000,0x0000009e05800000]
Native frames: (J=compiled Java code, j=interpreted, Vv=VM code, C=native code)
V  [jvm.dll+0x6cdee9]
V  [jvm.dll+0x8a83d1]
V  [jvm.dll+0x8aa8fe]
V  [jvm.dll+0x8aafe3]
V  [jvm.dll+0x27f706]
V  [jvm.dll+0xc500d]
V  [jvm.dll+0xc5543]
V  [jvm.dll+0x3b6752]
V  [jvm.dll+0x382935]
V  [jvm.dll+0x381d9a]
V  [jvm.dll+0x2479f0]
V  [jvm.dll+0x246fcf]
V  [jvm.dll+0x1c75ee]
V  [jvm.dll+0x25685a]
V  [jvm.dll+0x254dfa]
V  [jvm.dll+0x3f0256]
V  [jvm.dll+0x851f8b]
V  [jvm.dll+0x6cc5ed]
C  [ucrtbase.dll+0x37b0]
C  [KERNEL32.DLL+0x2e8d7]
C  [ntdll.dll+0xb14fc]


---------------  P R O C E S S  ---------------

Threads class SMR info:
_java_thread_list=0x00000269d86e0f40, length=94, elements={
0x00000269fbc4e430, 0x00000269d27d3fd0, 0x00000269d27d7c10, 0x00000269d27db1f0,
0x00000269d27dc0c0, 0x00000269d27df030, 0x00000269d27e8900, 0x00000269d27f3c30,
0x00000269d27f8010, 0x00000269d28f4d50, 0x00000269d28f9720, 0x00000269d28fb290,
0x00000269d2a37fe0, 0x00000269d28f3310, 0x00000269d28f2c80, 0x00000269d28f1f60,
0x00000269d28f4030, 0x00000269d28f53e0, 0x00000269d28f46c0, 0x00000269d28f39a0,
0x00000269d91b1f90, 0x00000269d91b5aa0, 0x00000269d91b2620, 0x00000269d91b6130,
0x00000269d91b2cb0, 0x00000269d91b67c0, 0x00000269d91b39d0, 0x00000269d91b3340,
0x00000269d91b6e50, 0x00000269d91b74e0, 0x00000269d91b5410, 0x00000269d91b7b70,
0x00000269d91b46f0, 0x00000269d91b8200, 0x00000269d91b4060, 0x00000269d91b4d80,
0x00000269d91b8890, 0x00000269d91b8f20, 0x00000269d91b95b0, 0x00000269dc649520,
0x00000269dc646730, 0x00000269dc647ae0, 0x00000269dc648170, 0x00000269dc646dc0,
0x00000269dc647450, 0x00000269dc6460a0, 0x00000269dc649bb0, 0x00000269dc648e90,
0x00000269dc64a240, 0x00000269dc64bc80, 0x00000269dc64a8d0, 0x00000269dc64af60,
0x00000269dc64b5f0, 0x00000269dc648800, 0x00000269dc64d030, 0x00000269dc64c310,
0x00000269dc64c9a0, 0x00000269dc64d6c0, 0x00000269db3ac820, 0x00000269db3aceb0,
0x00000269db3ae260, 0x00000269db3ab470, 0x00000269db3ad540, 0x00000269db3ac190,
0x00000269db3adbd0, 0x00000269db3aef80, 0x00000269db3abb00, 0x00000269db3b0330,
0x00000269db3b09c0, 0x00000269db3b1050, 0x00000269db3b2a90, 0x00000269db3b16e0,
0x00000269db3b1d70, 0x00000269db3b2400, 0x00000269db3af610, 0x00000269db3afca0,
0x00000269dcc1b130, 0x00000269dcc1be50, 0x00000269dcc1aaa0, 0x00000269dcc1d890,
0x00000269dcc20d10, 0x00000269dcc1df20, 0x00000269dcc1e5b0, 0x00000269dcc1f2d0,
0x00000269dcc1ec40, 0x00000269dcc1fff0, 0x00000269dcc20680, 0x00000269dcc213a0,
0x00000269d28f25f0, 0x00000269e75cfe00, 0x00000269e75d0b20, 0x00000269e75cea50,
0x00000269e75d0490, 0x00000269e75ce3c0
}

Java Threads: ( => current thread )
  0x00000269fbc4e430 JavaThread "main"                              [_thread_blocked, id=1796, stack(0x0000009e04d00000,0x0000009e04e00000) (1024K)]
  0x00000269d27d3fd0 JavaThread "Reference Handler"          daemon [_thread_blocked, id=13112, stack(0x0000009e05100000,0x0000009e05200000) (1024K)]
  0x00000269d27d7c10 JavaThread "Finalizer"                  daemon [_thread_blocked, id=13660, stack(0x0000009e05200000,0x0000009e05300000) (1024K)]
  0x00000269d27db1f0 JavaThread "Signal Dispatcher"          daemon [_thread_blocked, id=33552, stack(0x0000009e05300000,0x0000009e05400000) (1024K)]
  0x00000269d27dc0c0 JavaThread "Attach Listener"            daemon [_thread_blocked, id=20724, stack(0x0000009e05400000,0x0000009e05500000) (1024K)]
  0x00000269d27df030 JavaThread "Service Thread"             daemon [_thread_blocked, id=28384, stack(0x0000009e05500000,0x0000009e05600000) (1024K)]
  0x00000269d27e8900 JavaThread "Monitor Deflation Thread"   daemon [_thread_blocked, id=10500, stack(0x0000009e05600000,0x0000009e05700000) (1024K)]
=>0x00000269d27f3c30 JavaThread "C2 CompilerThread0"         daemon [_thread_in_native, id=5204, stack(0x0000009e05700000,0x0000009e05800000) (1024K)]
  0x00000269d27f8010 JavaThread "C1 CompilerThread0"         daemon [_thread_blocked, id=36712, stack(0x0000009e05800000,0x0000009e05900000) (1024K)]
  0x00000269d28f4d50 JavaThread "Common-Cleaner"             daemon [_thread_blocked, id=21680, stack(0x0000009e05900000,0x0000009e05a00000) (1024K)]
  0x00000269d28f9720 JavaThread "C1 CompilerThread1"         daemon [_thread_blocked, id=4060, stack(0x0000009e05a00000,0x0000009e05b00000) (1024K)]
  0x00000269d28fb290 JavaThread "C1 CompilerThread2"         daemon [_thread_blocked, id=7924, stack(0x0000009e05b00000,0x0000009e05c00000) (1024K)]
  0x00000269d2a37fe0 JavaThread "C1 CompilerThread3"         daemon [_thread_blocked, id=31996, stack(0x0000009e05d00000,0x0000009e05e00000) (1024K)]
  0x00000269d28f3310 JavaThread "Notification Thread"        daemon [_thread_blocked, id=21444, stack(0x0000009e05e00000,0x0000009e05f00000) (1024K)]
  0x00000269d28f2c80 JavaThread "Active Thread: Equinox Container: 6808cec3-c9c8-443c-a7bd-6813d12e5eb2"        [_thread_blocked, id=3180, stack(0x0000009e06700000,0x0000009e06800000) (1024K)]
  0x00000269d28f1f60 JavaThread "Refresh Thread: Equinox Container: 6808cec3-c9c8-443c-a7bd-6813d12e5eb2" daemon [_thread_blocked, id=16232, stack(0x0000009e06900000,0x0000009e06a00000) (1024K)]
  0x00000269d28f4030 JavaThread "Framework Event Dispatcher: Equinox Container: 6808cec3-c9c8-443c-a7bd-6813d12e5eb2" daemon [_thread_blocked, id=23756, stack(0x0000009e06a00000,0x0000009e06b00000) (1024K)]
  0x00000269d28f53e0 JavaThread "Start Level: Equinox Container: 6808cec3-c9c8-443c-a7bd-6813d12e5eb2" daemon [_thread_blocked, id=20008, stack(0x0000009e06b00000,0x0000009e06c00000) (1024K)]
  0x00000269d28f46c0 JavaThread "Bundle File Closer"         daemon [_thread_blocked, id=19580, stack(0x0000009e06000000,0x0000009e06100000) (1024K)]
  0x00000269d28f39a0 JavaThread "SCR Component Actor"        daemon [_thread_blocked, id=30792, stack(0x0000009e06f00000,0x0000009e07000000) (1024K)]
  0x00000269d91b1f90 JavaThread "Worker-JM"                         [_thread_blocked, id=34896, stack(0x0000009e07300000,0x0000009e07400000) (1024K)]
  0x00000269d91b5aa0 JavaThread "JNA Cleaner"                daemon [_thread_blocked, id=36596, stack(0x0000009e05f00000,0x0000009e06000000) (1024K)]
  0x00000269d91b2620 JavaThread "Worker-0"                          [_thread_blocked, id=33388, stack(0x0000009e07400000,0x0000009e07500000) (1024K)]
  0x00000269d91b6130 JavaThread "Worker-1"                          [_thread_blocked, id=28156, stack(0x0000009e07500000,0x0000009e07600000) (1024K)]
  0x00000269d91b2cb0 JavaThread "Java indexing"              daemon [_thread_blocked, id=25060, stack(0x0000009e07700000,0x0000009e07800000) (1024K)]
  0x00000269d91b67c0 JavaThread "Worker-2: Initialize Workspace"        [_thread_blocked, id=18440, stack(0x0000009e07b00000,0x0000009e07c00000) (1024K)]
  0x00000269d91b39d0 JavaThread "Worker-3: Java indexing... "        [_thread_blocked, id=17592, stack(0x0000009e07c00000,0x0000009e07d00000) (1024K)]
  0x00000269d91b3340 JavaThread "Thread-2"                   daemon [_thread_in_native, id=27340, stack(0x0000009e07e00000,0x0000009e07f00000) (1024K)]
  0x00000269d91b6e50 JavaThread "Thread-3"                   daemon [_thread_in_native, id=24460, stack(0x0000009e07f00000,0x0000009e08000000) (1024K)]
  0x00000269d91b74e0 JavaThread "Thread-4"                   daemon [_thread_in_native, id=13668, stack(0x0000009e08000000,0x0000009e08100000) (1024K)]
  0x00000269d91b5410 JavaThread "Thread-5"                   daemon [_thread_in_native, id=33608, stack(0x0000009e08100000,0x0000009e08200000) (1024K)]
  0x00000269d91b7b70 JavaThread "Thread-6"                   daemon [_thread_in_native, id=34332, stack(0x0000009e08200000,0x0000009e08300000) (1024K)]
  0x00000269d91b46f0 JavaThread "Thread-7"                   daemon [_thread_in_native, id=13292, stack(0x0000009e08300000,0x0000009e08400000) (1024K)]
  0x00000269d91b8200 JavaThread "Thread-8"                   daemon [_thread_in_native, id=16332, stack(0x0000009e08400000,0x0000009e08500000) (1024K)]
  0x00000269d91b4060 JavaThread "Thread-9"                   daemon [_thread_in_native, id=5164, stack(0x0000009e08500000,0x0000009e08600000) (1024K)]
  0x00000269d91b4d80 JavaThread "Thread-10"                  daemon [_thread_in_native, id=23780, stack(0x0000009e08600000,0x0000009e08700000) (1024K)]
  0x00000269d91b8890 JavaThread "Thread-11"                  daemon [_thread_in_native, id=28080, stack(0x0000009e08700000,0x0000009e08800000) (1024K)]
  0x00000269d91b8f20 JavaThread "Thread-12"                  daemon [_thread_in_native, id=31096, stack(0x0000009e08800000,0x0000009e08900000) (1024K)]
  0x00000269d91b95b0 JavaThread "Thread-13"                  daemon [_thread_in_native, id=34012, stack(0x0000009e08900000,0x0000009e08a00000) (1024K)]
  0x00000269dc649520 JavaThread "Thread-14"                  daemon [_thread_in_native, id=35416, stack(0x0000009e08a00000,0x0000009e08b00000) (1024K)]
  0x00000269dc646730 JavaThread "Thread-15"                  daemon [_thread_in_native, id=35476, stack(0x0000009e08b00000,0x0000009e08c00000) (1024K)]
  0x00000269dc647ae0 JavaThread "Thread-16"                  daemon [_thread_in_native, id=25524, stack(0x0000009e08c00000,0x0000009e08d00000) (1024K)]
  0x00000269dc648170 JavaThread "Thread-17"                  daemon [_thread_in_native, id=24356, stack(0x0000009e08d00000,0x0000009e08e00000) (1024K)]
  0x00000269dc646dc0 JavaThread "Thread-18"                  daemon [_thread_in_native, id=12756, stack(0x0000009e08e00000,0x0000009e08f00000) (1024K)]
  0x00000269dc647450 JavaThread "pool-2-thread-1"                   [_thread_blocked, id=2568, stack(0x0000009e08f00000,0x0000009e09000000) (1024K)]
  0x00000269dc6460a0 JavaThread "Worker-4"                          [_thread_blocked, id=2880, stack(0x0000009e09300000,0x0000009e09400000) (1024K)]
  0x00000269dc649bb0 JavaThread "WorkspaceEventsHandler"            [_thread_blocked, id=31448, stack(0x0000009e09400000,0x0000009e09500000) (1024K)]
  0x00000269dc648e90 JavaThread "pool-1-thread-1"                   [_thread_blocked, id=22380, stack(0x0000009e09500000,0x0000009e09600000) (1024K)]
  0x00000269dc64a240 JavaThread "Worker-5: Initialize workspace"        [_thread_blocked, id=32056, stack(0x0000009e09600000,0x0000009e09700000) (1024K)]
  0x00000269dc64bc80 JavaThread "LocalFile Deleter"          daemon [_thread_blocked, id=7784, stack(0x0000009e09700000,0x0000009e09800000) (1024K)]
  0x00000269dc64a8d0 JavaThread "LocalFile Deleter"          daemon [_thread_blocked, id=28212, stack(0x0000009e09800000,0x0000009e09900000) (1024K)]
  0x00000269dc64af60 JavaThread "LocalFile Deleter"          daemon [_thread_blocked, id=20720, stack(0x0000009e09900000,0x0000009e09a00000) (1024K)]
  0x00000269dc64b5f0 JavaThread "LocalFile Deleter"          daemon [_thread_blocked, id=12528, stack(0x0000009e09a00000,0x0000009e09b00000) (1024K)]
  0x00000269dc648800 JavaThread "LocalFile Deleter"          daemon [_thread_blocked, id=27888, stack(0x0000009e09b00000,0x0000009e09c00000) (1024K)]
  0x00000269dc64d030 JavaThread "LocalFile Deleter"          daemon [_thread_blocked, id=19648, stack(0x0000009e09c00000,0x0000009e09d00000) (1024K)]
  0x00000269dc64c310 JavaThread "LocalFile Deleter"          daemon [_thread_blocked, id=19536, stack(0x0000009e09d00000,0x0000009e09e00000) (1024K)]
  0x00000269dc64c9a0 JavaThread "LocalFile Deleter"          daemon [_thread_blocked, id=33084, stack(0x0000009e09e00000,0x0000009e09f00000) (1024K)]
  0x00000269dc64d6c0 JavaThread "LocalFile Deleter"          daemon [_thread_blocked, id=33524, stack(0x0000009e09f00000,0x0000009e0a000000) (1024K)]
  0x00000269db3ac820 JavaThread "LocalFile Deleter"          daemon [_thread_blocked, id=29840, stack(0x0000009e0a000000,0x0000009e0a100000) (1024K)]
  0x00000269db3aceb0 JavaThread "LocalFile Deleter"          daemon [_thread_blocked, id=31912, stack(0x0000009e0a100000,0x0000009e0a200000) (1024K)]
  0x00000269db3ae260 JavaThread "LocalFile Deleter"          daemon [_thread_blocked, id=10564, stack(0x0000009e0a200000,0x0000009e0a300000) (1024K)]
  0x00000269db3ab470 JavaThread "LocalFile Deleter"          daemon [_thread_blocked, id=9036, stack(0x0000009e0a300000,0x0000009e0a400000) (1024K)]
  0x00000269db3ad540 JavaThread "LocalFile Deleter"          daemon [_thread_blocked, id=32924, stack(0x0000009e0a400000,0x0000009e0a500000) (1024K)]
  0x00000269db3ac190 JavaThread "LocalFile Deleter"          daemon [_thread_blocked, id=33196, stack(0x0000009e0a500000,0x0000009e0a600000) (1024K)]
  0x00000269db3adbd0 JavaThread "LocalFile Deleter"          daemon [_thread_blocked, id=17112, stack(0x0000009e0a600000,0x0000009e0a700000) (1024K)]
  0x00000269db3aef80 JavaThread "Compiler Source File Reader" daemon [_thread_blocked, id=34772, stack(0x0000009e0a700000,0x0000009e0a800000) (1024K)]
  0x00000269db3abb00 JavaThread "Compiler Source File Reader" daemon [_thread_blocked, id=21012, stack(0x0000009e0a800000,0x0000009e0a900000) (1024K)]
  0x00000269db3b0330 JavaThread "Compiler Source File Reader" daemon [_thread_blocked, id=22216, stack(0x0000009e0a900000,0x0000009e0aa00000) (1024K)]
  0x00000269db3b09c0 JavaThread "Compiler Source File Reader" daemon [_thread_blocked, id=12064, stack(0x0000009e0aa00000,0x0000009e0ab00000) (1024K)]
  0x00000269db3b1050 JavaThread "Compiler Source File Reader" daemon [_thread_blocked, id=20820, stack(0x0000009e0ab00000,0x0000009e0ac00000) (1024K)]
  0x00000269db3b2a90 JavaThread "Compiler Source File Reader" daemon [_thread_blocked, id=4048, stack(0x0000009e0ac00000,0x0000009e0ad00000) (1024K)]
  0x00000269db3b16e0 JavaThread "Compiler Source File Reader" daemon [_thread_blocked, id=16884, stack(0x0000009e0ad00000,0x0000009e0ae00000) (1024K)]
  0x00000269db3b1d70 JavaThread "Compiler Source File Reader" daemon [_thread_blocked, id=11584, stack(0x0000009e0ae00000,0x0000009e0af00000) (1024K)]
  0x00000269db3b2400 JavaThread "Compiler Source File Reader" daemon [_thread_blocked, id=7220, stack(0x0000009e0af00000,0x0000009e0b000000) (1024K)]
  0x00000269db3af610 JavaThread "Compiler Source File Reader" daemon [_thread_blocked, id=29236, stack(0x0000009e0b000000,0x0000009e0b100000) (1024K)]
  0x00000269db3afca0 JavaThread "Compiler Source File Reader" daemon [_thread_blocked, id=19320, stack(0x0000009e0b100000,0x0000009e0b200000) (1024K)]
  0x00000269dcc1b130 JavaThread "Compiler Source File Reader" daemon [_thread_blocked, id=34452, stack(0x0000009e0b200000,0x0000009e0b300000) (1024K)]
  0x00000269dcc1be50 JavaThread "Compiler Source File Reader" daemon [_thread_blocked, id=5784, stack(0x0000009e0b300000,0x0000009e0b400000) (1024K)]
  0x00000269dcc1aaa0 JavaThread "Compiler Source File Reader" daemon [_thread_blocked, id=4024, stack(0x0000009e0b400000,0x0000009e0b500000) (1024K)]
  0x00000269dcc1d890 JavaThread "Compiler Processing Task"   daemon [_thread_blocked, id=20020, stack(0x0000009e07000000,0x0000009e07100000) (1024K)]
  0x00000269dcc20d10 JavaThread "Compiler Class File Writer" daemon [_thread_blocked, id=17496, stack(0x0000009e0b500000,0x0000009e0b600000) (1024K)]
  0x00000269dcc1df20 JavaThread "Compiler Class File Writer" daemon [_thread_blocked, id=23676, stack(0x0000009e0b600000,0x0000009e0b700000) (1024K)]
  0x00000269dcc1e5b0 JavaThread "Compiler Class File Writer" daemon [_thread_blocked, id=21176, stack(0x0000009e0b700000,0x0000009e0b800000) (1024K)]
  0x00000269dcc1f2d0 JavaThread "Compiler Class File Writer" daemon [_thread_blocked, id=24756, stack(0x0000009e0b800000,0x0000009e0b900000) (1024K)]
  0x00000269dcc1ec40 JavaThread "Compiler Class File Writer" daemon [_thread_blocked, id=7032, stack(0x0000009e0b900000,0x0000009e0ba00000) (1024K)]
  0x00000269dcc1fff0 JavaThread "Compiler Class File Writer" daemon [_thread_blocked, id=11136, stack(0x0000009e0ba00000,0x0000009e0bb00000) (1024K)]
  0x00000269dcc20680 JavaThread "Compiler Class File Writer" daemon [_thread_blocked, id=29404, stack(0x0000009e0bb00000,0x0000009e0bc00000) (1024K)]
  0x00000269dcc213a0 JavaThread "Compiler Class File Writer" daemon [_thread_blocked, id=36308, stack(0x0000009e0bc00000,0x0000009e0bd00000) (1024K)]
  0x00000269d28f25f0 JavaThread "Compiler Class File Writer" daemon [_thread_blocked, id=11644, stack(0x0000009e0bd00000,0x0000009e0be00000) (1024K)]
  0x00000269e75cfe00 JavaThread "Compiler Class File Writer" daemon [_thread_blocked, id=34716, stack(0x0000009e0be00000,0x0000009e0bf00000) (1024K)]
  0x00000269e75d0b20 JavaThread "Compiler Class File Writer" daemon [_thread_blocked, id=8420, stack(0x0000009e0bf00000,0x0000009e0c000000) (1024K)]
  0x00000269e75cea50 JavaThread "Compiler Class File Writer" daemon [_thread_blocked, id=34176, stack(0x0000009e0c000000,0x0000009e0c100000) (1024K)]
  0x00000269e75d0490 JavaThread "Compiler Class File Writer" daemon [_thread_blocked, id=14168, stack(0x0000009e0c100000,0x0000009e0c200000) (1024K)]
  0x00000269e75ce3c0 JavaThread "Compiler Class File Writer" daemon [_thread_blocked, id=3584, stack(0x0000009e0c200000,0x0000009e0c300000) (1024K)]
Total: 94

Other Threads:
  0x00000269fbd0ec20 VMThread "VM Thread"                           [id=32840, stack(0x0000009e05000000,0x0000009e05100000) (1024K)]
  0x00000269fef1ca00 WatcherThread "VM Periodic Task Thread"        [id=25900, stack(0x0000009e04f00000,0x0000009e05000000) (1024K)]
  0x00000269fbc6c2a0 WorkerThread "GC Thread#0"                     [id=23616, stack(0x0000009e04e00000,0x0000009e04f00000) (1024K)]
  0x00000269d8aebda0 WorkerThread "GC Thread#1"                     [id=14888, stack(0x0000009e06100000,0x0000009e06200000) (1024K)]
  0x00000269d8579ff0 WorkerThread "GC Thread#2"                     [id=6808, stack(0x0000009e06200000,0x0000009e06300000) (1024K)]
  0x00000269d82a1400 WorkerThread "GC Thread#3"                     [id=9304, stack(0x0000009e06300000,0x0000009e06400000) (1024K)]
  0x00000269d82a17a0 WorkerThread "GC Thread#4"                     [id=8904, stack(0x0000009e06400000,0x0000009e06500000) (1024K)]
  0x00000269d884e2d0 WorkerThread "GC Thread#5"                     [id=17876, stack(0x0000009e06500000,0x0000009e06600000) (1024K)]
  0x00000269d884e670 WorkerThread "GC Thread#6"                     [id=3916, stack(0x0000009e06600000,0x0000009e06700000) (1024K)]
  0x00000269d8cf9dc0 WorkerThread "GC Thread#7"                     [id=29472, stack(0x0000009e06800000,0x0000009e06900000) (1024K)]
  0x00000269d91f61b0 WorkerThread "GC Thread#8"                     [id=21696, stack(0x0000009e06c00000,0x0000009e06d00000) (1024K)]
  0x00000269d91f6550 WorkerThread "GC Thread#9"                     [id=22544, stack(0x0000009e06d00000,0x0000009e06e00000) (1024K)]
  0x00000269d92c3f40 WorkerThread "GC Thread#10"                    [id=14196, stack(0x0000009e06e00000,0x0000009e06f00000) (1024K)]
  0x00000269d92c5500 WorkerThread "GC Thread#11"                    [id=3064, stack(0x0000009e07100000,0x0000009e07200000) (1024K)]
  0x00000269d92c3ba0 WorkerThread "GC Thread#12"                    [id=19952, stack(0x0000009e07200000,0x0000009e07300000) (1024K)]
Total: 15

Threads with active compile tasks:
C2 CompilerThread0  13038 13731   !   4       org.eclipse.jdt.internal.core.search.indexing.BinaryIndexer::indexDocument (1204 bytes)
Total: 1

VM state: at safepoint (normal execution)

VM Mutex/Monitor currently owned by a thread:  ([mutex/lock_event])
[0x00007ffff100e380] Threads_lock - owner thread: 0x00000269fbd0ec20
[0x00007ffff100e480] Heap_lock - owner thread: 0x00000269d91b2cb0

Heap address: 0x00000000c0000000, size: 1024 MB, Compressed Oops mode: 32-bit

CDS archive(s) mapped at: [0x0000026991000000-0x0000026991ba0000-0x0000026991ba0000), size 12189696, SharedBaseAddress: 0x0000026991000000, ArchiveRelocationMode: 1.
Compressed class space mapped at: 0x0000026992000000-0x00000269d2000000, reserved size: 1073741824
Narrow klass base: 0x0000026991000000, Narrow klass shift: 0, Narrow klass range: 0x100000000

GC Precious Log:
 CardTable entry size: 512
 CPUs: 16 total, 16 available
 Memory: 15628M
 Large Page Support: Disabled
 NUMA Support: Disabled
 Compressed Oops: Enabled (32-bit)
 Alignments: Space 512K, Generation 512K, Heap 2M
 Heap Min Capacity: 100M
 Heap Initial Capacity: 100M
 Heap Max Capacity: 1G
 Pre-touch: Disabled
 Parallel Workers: 13

Heap:
 PSYoungGen      total 6656K, used 6368K [0x00000000eab00000, 0x00000000eb380000, 0x0000000100000000)
  eden space 5632K, 100% used [0x00000000eab00000,0x00000000eb080000,0x00000000eb080000)
  from space 1024K, 71% used [0x00000000eb080000,0x00000000eb138000,0x00000000eb180000)
  to   space 1024K, 68% used [0x00000000eb280000,0x00000000eb330000,0x00000000eb380000)
 ParOldGen       total 448512K, used 448372K [0x00000000c0000000, 0x00000000db600000, 0x00000000eab00000)
  object space 448512K, 99% used [0x00000000c0000000,0x00000000db5dd088,0x00000000db600000)
 Metaspace       used 64446K, committed 65920K, reserved 1114112K
  class space    used 6479K, committed 7168K, reserved 1048576K

Card table byte_map: [0x00000269fb5f0000,0x00000269fb800000] _byte_map_base: 0x00000269faff0000

Marking Bits: (ParMarkBitMap*) 0x00007ffff1013260
 Begin Bits: [0x000002698f000000, 0x0000026990000000)
 End Bits:   [0x0000026990000000, 0x0000026991000000)

Polling page: 0x00000269fb350000

Metaspace:

Usage:
  Non-class:     56.61 MB used.
      Class:      6.33 MB used.
       Both:     62.94 MB used.

Virtual space:
  Non-class space:       64.00 MB reserved,      57.38 MB ( 90%) committed,  1 nodes.
      Class space:        1.00 GB reserved,       7.00 MB ( <1%) committed,  1 nodes.
             Both:        1.06 GB reserved,      64.38 MB (  6%) committed. 

Chunk freelists:
   Non-Class:  6.63 MB
       Class:  9.02 MB
        Both:  15.65 MB

MaxMetaspaceSize: unlimited
CompressedClassSpaceSize: 1.00 GB
Initial GC threshold: 21.00 MB
Current GC threshold: 97.31 MB
CDS: on
 - commit_granule_bytes: 65536.
 - commit_granule_words: 8192.
 - virtual_space_node_default_size: 8388608.
 - enlarge_chunks_in_place: 1.
 - use_allocation_guard: 0.


Internal statistics:

num_allocs_failed_limit: 9.
num_arena_births: 1248.
num_arena_deaths: 14.
num_vsnodes_births: 2.
num_vsnodes_deaths: 0.
num_space_committed: 1030.
num_space_uncommitted: 0.
num_chunks_returned_to_freelist: 23.
num_chunks_taken_from_freelist: 4342.
num_chunk_merges: 12.
num_chunk_splits: 2625.
num_chunks_enlarged: 1452.
num_inconsistent_stats: 0.

CodeHeap 'non-profiled nmethods': size=119168Kb used=10043Kb max_used=10043Kb free=109124Kb
 bounds [0x0000026987ba0000, 0x0000026988570000, 0x000002698f000000]
CodeHeap 'profiled nmethods': size=119104Kb used=30190Kb max_used=30190Kb free=88913Kb
 bounds [0x0000026980000000, 0x0000026981d80000, 0x0000026987450000]
CodeHeap 'non-nmethods': size=7488Kb used=3118Kb max_used=3205Kb free=4369Kb
 bounds [0x0000026987450000, 0x0000026987790000, 0x0000026987ba0000]
 total_blobs=13633 nmethods=12892 adapters=643
 compilation: enabled
              stopped_count=0, restarted_count=0
 full_count=0

Compilation events (20 events):
Event: 12.833 Thread 0x00000269d27f8010 nmethod 13725 0x0000026981d6a490 code [0x0000026981d6a840, 0x0000026981d6c7a8]
Event: 12.843 Thread 0x00000269d27f3c30 13727 % !   4       org.eclipse.jdt.internal.core.search.indexing.BinaryIndexer::indexDocument @ 1055 (1204 bytes)
Event: 12.849 Thread 0x00000269d27f8010 13728       3       org.eclipse.jdt.internal.compiler.classfmt.TypeAnnotationInfo::<init> (445 bytes)
Event: 12.849 Thread 0x00000269d28f9720 13729       3       org.eclipse.jdt.internal.compiler.classfmt.TypeAnnotationInfo::<init> (18 bytes)
Event: 12.849 Thread 0x00000269d28f9720 nmethod 13729 0x0000026981d6d310 code [0x0000026981d6d4c0, 0x0000026981d6d6c8]
Event: 12.850 Thread 0x00000269d27f8010 nmethod 13728 0x0000026981d6d810 code [0x0000026981d6dac0, 0x0000026981d6eff0]
Event: 12.855 Thread 0x00000269d27f3c30 nmethod 13727% 0x000002698856c510 code [0x000002698856c7a0, 0x000002698856d3e8]
Event: 12.856 Thread 0x00000269d27f3c30 13730       4       org.eclipse.jdt.internal.compiler.classfmt.MethodInfo::decodeParamAnnotations (125 bytes)
Event: 12.861 Thread 0x00000269d2a37fe0 13732       3       org.eclipse.jdt.internal.compiler.util.Util::scanTypeVariableSignature (60 bytes)
Event: 12.861 Thread 0x00000269d2a37fe0 nmethod 13732 0x0000026981d6f790 code [0x0000026981d6fa20, 0x0000026981d703a0]
Event: 12.862 Thread 0x00000269d27f3c30 nmethod 13730 0x000002698856de90 code [0x000002698856e060, 0x000002698856e7e8]
Event: 12.862 Thread 0x00000269d27f3c30 13731   !   4       org.eclipse.jdt.internal.core.search.indexing.BinaryIndexer::indexDocument (1204 bytes)
Event: 12.866 Thread 0x00000269d2a37fe0 13733       3       org.eclipse.jdt.internal.compiler.classfmt.MethodInfo::decodeTypeAnnotations (88 bytes)
Event: 12.866 Thread 0x00000269d2a37fe0 nmethod 13733 0x0000026981d70790 code [0x0000026981d70980, 0x0000026981d70ff0]
Event: 12.908 Thread 0x00000269d2a37fe0 13736       3       org.eclipse.jdt.internal.compiler.classfmt.MethodInfo::createMethod (710 bytes)
Event: 12.909 Thread 0x00000269d27f8010 13737       3       org.eclipse.jdt.internal.compiler.classfmt.MethodInfoWithParameterAnnotations::<init> (12 bytes)
Event: 12.909 Thread 0x00000269d27f8010 nmethod 13737 0x0000026981d71290 code [0x0000026981d71440, 0x0000026981d715b0]
Event: 12.909 Thread 0x00000269d2a37fe0 nmethod 13736 0x0000026981d71690 code [0x0000026981d71b80, 0x0000026981d74a70]
Event: 12.952 Thread 0x00000269d2a37fe0 13738       3       org.eclipse.jdt.internal.compiler.classfmt.ClassFileReader::decodeTypeAnnotations (144 bytes)
Event: 12.952 Thread 0x00000269d2a37fe0 nmethod 13738 0x0000026981d75b90 code [0x0000026981d75da0, 0x0000026981d766b0]

GC Heap History (20 events):
Event: 12.864 GC heap before
{Heap before GC invocations=485 (full 3):
 PSYoungGen      total 5632K, used 5296K [0x00000000eab00000, 0x00000000eb180000, 0x0000000100000000)
  eden space 4608K, 100% used [0x00000000eab00000,0x00000000eaf80000,0x00000000eaf80000)
  from space 1024K, 67% used [0x00000000eaf80000,0x00000000eb02c010,0x00000000eb080000)
  to   space 1024K, 0% used [0x00000000eb080000,0x00000000eb080000,0x00000000eb180000)
 ParOldGen       total 441344K, used 441167K [0x00000000c0000000, 0x00000000daf00000, 0x00000000eab00000)
  object space 441344K, 99% used [0x00000000c0000000,0x00000000daed3e58,0x00000000daf00000)
 Metaspace       used 64446K, committed 65920K, reserved 1114112K
  class space    used 6479K, committed 7168K, reserved 1048576K
}
Event: 12.865 GC heap after
{Heap after GC invocations=485 (full 3):
 PSYoungGen      total 5632K, used 812K [0x00000000eab00000, 0x00000000eb180000, 0x0000000100000000)
  eden space 4608K, 0% used [0x00000000eab00000,0x00000000eab00000,0x00000000eaf80000)
  from space 1024K, 79% used [0x00000000eb080000,0x00000000eb14b008,0x00000000eb180000)
  to   space 1024K, 0% used [0x00000000eaf80000,0x00000000eaf80000,0x00000000eb080000)
 ParOldGen       total 441856K, used 441695K [0x00000000c0000000, 0x00000000daf80000, 0x00000000eab00000)
  object space 441856K, 99% used [0x00000000c0000000,0x00000000daf57e58,0x00000000daf80000)
 Metaspace       used 64446K, committed 65920K, reserved 1114112K
  class space    used 6479K, committed 7168K, reserved 1048576K
}
Event: 12.871 GC heap before
{Heap before GC invocations=486 (full 3):
 PSYoungGen      total 5632K, used 5420K [0x00000000eab00000, 0x00000000eb180000, 0x0000000100000000)
  eden space 4608K, 100% used [0x00000000eab00000,0x00000000eaf80000,0x00000000eaf80000)
  from space 1024K, 79% used [0x00000000eb080000,0x00000000eb14b008,0x00000000eb180000)
  to   space 1024K, 0% used [0x00000000eaf80000,0x00000000eaf80000,0x00000000eb080000)
 ParOldGen       total 441856K, used 441695K [0x00000000c0000000, 0x00000000daf80000, 0x00000000eab00000)
  object space 441856K, 99% used [0x00000000c0000000,0x00000000daf57e58,0x00000000daf80000)
 Metaspace       used 64446K, committed 65920K, reserved 1114112K
  class space    used 6479K, committed 7168K, reserved 1048576K
}
Event: 12.872 GC heap after
{Heap after GC invocations=486 (full 3):
 PSYoungGen      total 5632K, used 672K [0x00000000eab00000, 0x00000000eb180000, 0x0000000100000000)
  eden space 4608K, 0% used [0x00000000eab00000,0x00000000eab00000,0x00000000eaf80000)
  from space 1024K, 65% used [0x00000000eaf80000,0x00000000eb028000,0x00000000eb080000)
  to   space 1024K, 0% used [0x00000000eb080000,0x00000000eb080000,0x00000000eb180000)
 ParOldGen       total 442368K, used 442331K [0x00000000c0000000, 0x00000000db000000, 0x00000000eab00000)
  object space 442368K, 99% used [0x00000000c0000000,0x00000000daff6e60,0x00000000db000000)
 Metaspace       used 64446K, committed 65920K, reserved 1114112K
  class space    used 6479K, committed 7168K, reserved 1048576K
}
Event: 12.881 GC heap before
{Heap before GC invocations=487 (full 3):
 PSYoungGen      total 5632K, used 5280K [0x00000000eab00000, 0x00000000eb180000, 0x0000000100000000)
  eden space 4608K, 100% used [0x00000000eab00000,0x00000000eaf80000,0x00000000eaf80000)
  from space 1024K, 65% used [0x00000000eaf80000,0x00000000eb028000,0x00000000eb080000)
  to   space 1024K, 0% used [0x00000000eb080000,0x00000000eb080000,0x00000000eb180000)
 ParOldGen       total 442368K, used 442331K [0x00000000c0000000, 0x00000000db000000, 0x00000000eab00000)
  object space 442368K, 99% used [0x00000000c0000000,0x00000000daff6e60,0x00000000db000000)
 Metaspace       used 64446K, committed 65920K, reserved 1114112K
  class space    used 6479K, committed 7168K, reserved 1048576K
}
Event: 12.883 GC heap after
{Heap after GC invocations=487 (full 3):
 PSYoungGen      total 5632K, used 768K [0x00000000eab00000, 0x00000000eb180000, 0x0000000100000000)
  eden space 4608K, 0% used [0x00000000eab00000,0x00000000eab00000,0x00000000eaf80000)
  from space 1024K, 75% used [0x00000000eb080000,0x00000000eb140000,0x00000000eb180000)
  to   space 1024K, 0% used [0x00000000eaf80000,0x00000000eaf80000,0x00000000eb080000)
 ParOldGen       total 442880K, used 442835K [0x00000000c0000000, 0x00000000db080000, 0x00000000eab00000)
  object space 442880K, 99% used [0x00000000c0000000,0x00000000db074e60,0x00000000db080000)
 Metaspace       used 64446K, committed 65920K, reserved 1114112K
  class space    used 6479K, committed 7168K, reserved 1048576K
}
Event: 12.890 GC heap before
{Heap before GC invocations=488 (full 3):
 PSYoungGen      total 5632K, used 5376K [0x00000000eab00000, 0x00000000eb180000, 0x0000000100000000)
  eden space 4608K, 100% used [0x00000000eab00000,0x00000000eaf80000,0x00000000eaf80000)
  from space 1024K, 75% used [0x00000000eb080000,0x00000000eb140000,0x00000000eb180000)
  to   space 1024K, 0% used [0x00000000eaf80000,0x00000000eaf80000,0x00000000eb080000)
 ParOldGen       total 442880K, used 442835K [0x00000000c0000000, 0x00000000db080000, 0x00000000eab00000)
  object space 442880K, 99% used [0x00000000c0000000,0x00000000db074e60,0x00000000db080000)
 Metaspace       used 64446K, committed 65920K, reserved 1114112K
  class space    used 6479K, committed 7168K, reserved 1048576K
}
Event: 12.891 GC heap after
{Heap after GC invocations=488 (full 3):
 PSYoungGen      total 5632K, used 736K [0x00000000eab00000, 0x00000000eb180000, 0x0000000100000000)
  eden space 4608K, 0% used [0x00000000eab00000,0x00000000eab00000,0x00000000eaf80000)
  from space 1024K, 71% used [0x00000000eaf80000,0x00000000eb038000,0x00000000eb080000)
  to   space 1024K, 0% used [0x00000000eb080000,0x00000000eb080000,0x00000000eb180000)
 ParOldGen       total 443392K, used 443385K [0x00000000c0000000, 0x00000000db100000, 0x00000000eab00000)
  object space 443392K, 99% used [0x00000000c0000000,0x00000000db0fe470,0x00000000db100000)
 Metaspace       used 64446K, committed 65920K, reserved 1114112K
  class space    used 6479K, committed 7168K, reserved 1048576K
}
Event: 12.898 GC heap before
{Heap before GC invocations=489 (full 3):
 PSYoungGen      total 5632K, used 5344K [0x00000000eab00000, 0x00000000eb180000, 0x0000000100000000)
  eden space 4608K, 100% used [0x00000000eab00000,0x00000000eaf80000,0x00000000eaf80000)
  from space 1024K, 71% used [0x00000000eaf80000,0x00000000eb038000,0x00000000eb080000)
  to   space 1024K, 0% used [0x00000000eb080000,0x00000000eb080000,0x00000000eb180000)
 ParOldGen       total 443392K, used 443385K [0x00000000c0000000, 0x00000000db100000, 0x00000000eab00000)
  object space 443392K, 99% used [0x00000000c0000000,0x00000000db0fe470,0x00000000db100000)
 Metaspace       used 64446K, committed 65920K, reserved 1114112K
  class space    used 6479K, committed 7168K, reserved 1048576K
}
Event: 12.899 GC heap after
{Heap after GC invocations=489 (full 3):
 PSYoungGen      total 5632K, used 720K [0x00000000eab00000, 0x00000000eb180000, 0x0000000100000000)
  eden space 4608K, 0% used [0x00000000eab00000,0x00000000eab00000,0x00000000eaf80000)
  from space 1024K, 70% used [0x00000000eb080000,0x00000000eb134010,0x00000000eb180000)
  to   space 1024K, 0% used [0x00000000eaf80000,0x00000000eaf80000,0x00000000eb080000)
 ParOldGen       total 444416K, used 443921K [0x00000000c0000000, 0x00000000db200000, 0x00000000eab00000)
  object space 444416K, 99% used [0x00000000c0000000,0x00000000db184470,0x00000000db200000)
 Metaspace       used 64446K, committed 65920K, reserved 1114112K
  class space    used 6479K, committed 7168K, reserved 1048576K
}
Event: 12.906 GC heap before
{Heap before GC invocations=490 (full 3):
 PSYoungGen      total 5632K, used 5328K [0x00000000eab00000, 0x00000000eb180000, 0x0000000100000000)
  eden space 4608K, 100% used [0x00000000eab00000,0x00000000eaf80000,0x00000000eaf80000)
  from space 1024K, 70% used [0x00000000eb080000,0x00000000eb134010,0x00000000eb180000)
  to   space 1024K, 0% used [0x00000000eaf80000,0x00000000eaf80000,0x00000000eb080000)
 ParOldGen       total 444416K, used 443921K [0x00000000c0000000, 0x00000000db200000, 0x00000000eab00000)
  object space 444416K, 99% used [0x00000000c0000000,0x00000000db184470,0x00000000db200000)
 Metaspace       used 64446K, committed 65920K, reserved 1114112K
  class space    used 6479K, committed 7168K, reserved 1048576K
}
Event: 12.907 GC heap after
{Heap after GC invocations=490 (full 3):
 PSYoungGen      total 5632K, used 640K [0x00000000eab00000, 0x00000000eb180000, 0x0000000100000000)
  eden space 4608K, 0% used [0x00000000eab00000,0x00000000eab00000,0x00000000eaf80000)
  from space 1024K, 62% used [0x00000000eaf80000,0x00000000eb020000,0x00000000eb080000)
  to   space 1024K, 0% used [0x00000000eb080000,0x00000000eb080000,0x00000000eb180000)
 ParOldGen       total 444928K, used 444497K [0x00000000c0000000, 0x00000000db280000, 0x00000000eab00000)
  object space 444928K, 99% used [0x00000000c0000000,0x00000000db214470,0x00000000db280000)
 Metaspace       used 64446K, committed 65920K, reserved 1114112K
  class space    used 6479K, committed 7168K, reserved 1048576K
}
Event: 12.914 GC heap before
{Heap before GC invocations=491 (full 3):
 PSYoungGen      total 5632K, used 5248K [0x00000000eab00000, 0x00000000eb180000, 0x0000000100000000)
  eden space 4608K, 100% used [0x00000000eab00000,0x00000000eaf80000,0x00000000eaf80000)
  from space 1024K, 62% used [0x00000000eaf80000,0x00000000eb020000,0x00000000eb080000)
  to   space 1024K, 0% used [0x00000000eb080000,0x00000000eb080000,0x00000000eb180000)
 ParOldGen       total 444928K, used 444497K [0x00000000c0000000, 0x00000000db280000, 0x00000000eab00000)
  object space 444928K, 99% used [0x00000000c0000000,0x00000000db214470,0x00000000db280000)
 Metaspace       used 64446K, committed 65920K, reserved 1114112K
  class space    used 6479K, committed 7168K, reserved 1048576K
}
Event: 12.915 GC heap after
{Heap after GC invocations=491 (full 3):
 PSYoungGen      total 5632K, used 704K [0x00000000eab00000, 0x00000000eb180000, 0x0000000100000000)
  eden space 4608K, 0% used [0x00000000eab00000,0x00000000eab00000,0x00000000eaf80000)
  from space 1024K, 68% used [0x00000000eb080000,0x00000000eb130000,0x00000000eb180000)
  to   space 1024K, 0% used [0x00000000eaf80000,0x00000000eaf80000,0x00000000eb080000)
 ParOldGen       total 445440K, used 444993K [0x00000000c0000000, 0x00000000db300000, 0x00000000eab00000)
  object space 445440K, 99% used [0x00000000c0000000,0x00000000db290470,0x00000000db300000)
 Metaspace       used 64446K, committed 65920K, reserved 1114112K
  class space    used 6479K, committed 7168K, reserved 1048576K
}
Event: 12.921 GC heap before
{Heap before GC invocations=492 (full 3):
 PSYoungGen      total 5632K, used 5312K [0x00000000eab00000, 0x00000000eb180000, 0x0000000100000000)
  eden space 4608K, 100% used [0x00000000eab00000,0x00000000eaf80000,0x00000000eaf80000)
  from space 1024K, 68% used [0x00000000eb080000,0x00000000eb130000,0x00000000eb180000)
  to   space 1024K, 0% used [0x00000000eaf80000,0x00000000eaf80000,0x00000000eb080000)
 ParOldGen       total 445440K, used 444993K [0x00000000c0000000, 0x00000000db300000, 0x00000000eab00000)
  object space 445440K, 99% used [0x00000000c0000000,0x00000000db290470,0x00000000db300000)
 Metaspace       used 64446K, committed 65920K, reserved 1114112K
  class space    used 6479K, committed 7168K, reserved 1048576K
}
Event: 12.944 GC heap after
{Heap after GC invocations=492 (full 3):
 PSYoungGen      total 5632K, used 640K [0x00000000eab00000, 0x00000000eb280000, 0x0000000100000000)
  eden space 4608K, 0% used [0x00000000eab00000,0x00000000eab00000,0x00000000eaf80000)
  from space 1024K, 62% used [0x00000000eaf80000,0x00000000eb020000,0x00000000eb080000)
  to   space 1024K, 0% used [0x00000000eb180000,0x00000000eb180000,0x00000000eb280000)
 ParOldGen       total 445952K, used 445537K [0x00000000c0000000, 0x00000000db380000, 0x00000000eab00000)
  object space 445952K, 99% used [0x00000000c0000000,0x00000000db318470,0x00000000db380000)
 Metaspace       used 64446K, committed 65920K, reserved 1114112K
  class space    used 6479K, committed 7168K, reserved 1048576K
}
Event: 12.955 GC heap before
{Heap before GC invocations=493 (full 3):
 PSYoungGen      total 5632K, used 5248K [0x00000000eab00000, 0x00000000eb280000, 0x0000000100000000)
  eden space 4608K, 100% used [0x00000000eab00000,0x00000000eaf80000,0x00000000eaf80000)
  from space 1024K, 62% used [0x00000000eaf80000,0x00000000eb020000,0x00000000eb080000)
  to   space 1024K, 0% used [0x00000000eb180000,0x00000000eb180000,0x00000000eb280000)
 ParOldGen       total 445952K, used 445537K [0x00000000c0000000, 0x00000000db380000, 0x00000000eab00000)
  object space 445952K, 99% used [0x00000000c0000000,0x00000000db318470,0x00000000db380000)
 Metaspace       used 64446K, committed 65920K, reserved 1114112K
  class space    used 6479K, committed 7168K, reserved 1048576K
}
Event: 12.956 GC heap after
{Heap after GC invocations=493 (full 3):
 PSYoungGen      total 6656K, used 856K [0x00000000eab00000, 0x00000000eb280000, 0x0000000100000000)
  eden space 5632K, 0% used [0x00000000eab00000,0x00000000eab00000,0x00000000eb080000)
  from space 1024K, 83% used [0x00000000eb180000,0x00000000eb256008,0x00000000eb280000)
  to   space 1024K, 0% used [0x00000000eb080000,0x00000000eb080000,0x00000000eb180000)
 ParOldGen       total 446464K, used 446009K [0x00000000c0000000, 0x00000000db400000, 0x00000000eab00000)
  object space 446464K, 99% used [0x00000000c0000000,0x00000000db38e470,0x00000000db400000)
 Metaspace       used 64446K, committed 65920K, reserved 1114112K
  class space    used 6479K, committed 7168K, reserved 1048576K
}
Event: 12.964 GC heap before
{Heap before GC invocations=494 (full 3):
 PSYoungGen      total 6656K, used 6488K [0x00000000eab00000, 0x00000000eb280000, 0x0000000100000000)
  eden space 5632K, 100% used [0x00000000eab00000,0x00000000eb080000,0x00000000eb080000)
  from space 1024K, 83% used [0x00000000eb180000,0x00000000eb256008,0x00000000eb280000)
  to   space 1024K, 0% used [0x00000000eb080000,0x00000000eb080000,0x00000000eb180000)
 ParOldGen       total 446464K, used 446009K [0x00000000c0000000, 0x00000000db400000, 0x00000000eab00000)
  object space 446464K, 99% used [0x00000000c0000000,0x00000000db38e470,0x00000000db400000)
 Metaspace       used 64446K, committed 65920K, reserved 1114112K
  class space    used 6479K, committed 7168K, reserved 1048576K
}
Event: 12.983 GC heap after
{Heap after GC invocations=494 (full 3):
 PSYoungGen      total 6656K, used 736K [0x00000000eab00000, 0x00000000eb400000, 0x0000000100000000)
  eden space 5632K, 0% used [0x00000000eab00000,0x00000000eab00000,0x00000000eb080000)
  from space 1024K, 71% used [0x00000000eb080000,0x00000000eb138000,0x00000000eb180000)
  to   space 1024K, 0% used [0x00000000eb300000,0x00000000eb300000,0x00000000eb400000)
 ParOldGen       total 446976K, used 446697K [0x00000000c0000000, 0x00000000db480000, 0x00000000eab00000)
  object space 446976K, 99% used [0x00000000c0000000,0x00000000db43a478,0x00000000db480000)
 Metaspace       used 64446K, committed 65920K, reserved 1114112K
  class space    used 6479K, committed 7168K, reserved 1048576K
}

Dll operation events (10 events):
Event: 0.009 Loaded shared library c:\Users\binuk\.vscode\extensions\redhat.java-1.41.1-win32-x64\jre\21.0.6-win32-x86_64\bin\java.dll
Event: 0.073 Loaded shared library c:\Users\binuk\.vscode\extensions\redhat.java-1.41.1-win32-x64\jre\21.0.6-win32-x86_64\bin\zip.dll
Event: 0.096 Loaded shared library C:\Users\binuk\.vscode\extensions\redhat.java-1.41.1-win32-x64\jre\21.0.6-win32-x86_64\bin\instrument.dll
Event: 0.102 Loaded shared library C:\Users\binuk\.vscode\extensions\redhat.java-1.41.1-win32-x64\jre\21.0.6-win32-x86_64\bin\net.dll
Event: 0.105 Loaded shared library C:\Users\binuk\.vscode\extensions\redhat.java-1.41.1-win32-x64\jre\21.0.6-win32-x86_64\bin\nio.dll
Event: 0.108 Loaded shared library C:\Users\binuk\.vscode\extensions\redhat.java-1.41.1-win32-x64\jre\21.0.6-win32-x86_64\bin\zip.dll
Event: 0.122 Loaded shared library C:\Users\binuk\.vscode\extensions\redhat.java-1.41.1-win32-x64\jre\21.0.6-win32-x86_64\bin\jimage.dll
Event: 0.200 Loaded shared library c:\Users\binuk\.vscode\extensions\redhat.java-1.41.1-win32-x64\jre\21.0.6-win32-x86_64\bin\verify.dll
Event: 1.148 Loaded shared library C:\Users\binuk\AppData\Roaming\Code\User\globalStorage\redhat.java\1.41.1\config_win\org.eclipse.equinox.launcher\org.eclipse.equinox.launcher.win32.win32.x86_64_1.2.1300.v20250331-1702\eclipse_11911.dll
Event: 2.527 Loaded shared library C:\Users\binuk\AppData\Local\Temp\jna-93742557\jna10089580486064719355.dll

Deoptimization events (20 events):
Event: 12.828 Thread 0x00000269d91b2cb0 Uncommon trap: trap_request=0xffffffc6 fr.pc=0x000002698852fa74 relative=0x000000000000b234
Event: 12.828 Thread 0x00000269d91b2cb0 Uncommon trap: reason=bimorphic_or_optimized_type_check action=maybe_recompile pc=0x000002698852fa74 method=org.eclipse.jdt.internal.core.search.indexing.BinaryIndexer.indexDocument()V @ 1031 c2
Event: 12.828 Thread 0x00000269d91b2cb0 DEOPT PACKING pc=0x000002698852fa74 sp=0x0000009e077fee80
Event: 12.828 Thread 0x00000269d91b2cb0 DEOPT UNPACKING pc=0x00000269874a3aa2 sp=0x0000009e077fee60 mode 2
Event: 12.835 Thread 0x00000269d91b2cb0 Uncommon trap: trap_request=0xffffffc6 fr.pc=0x000002698852fa74 relative=0x000000000000b234
Event: 12.835 Thread 0x00000269d91b2cb0 Uncommon trap: reason=bimorphic_or_optimized_type_check action=maybe_recompile pc=0x000002698852fa74 method=org.eclipse.jdt.internal.core.search.indexing.BinaryIndexer.indexDocument()V @ 1031 c2
Event: 12.835 Thread 0x00000269d91b2cb0 DEOPT PACKING pc=0x000002698852fa74 sp=0x0000009e077fee80
Event: 12.835 Thread 0x00000269d91b2cb0 DEOPT UNPACKING pc=0x00000269874a3aa2 sp=0x0000009e077fee60 mode 2
Event: 12.837 Thread 0x00000269d91b2cb0 Uncommon trap: trap_request=0xffffffc6 fr.pc=0x000002698852fa74 relative=0x000000000000b234
Event: 12.837 Thread 0x00000269d91b2cb0 Uncommon trap: reason=bimorphic_or_optimized_type_check action=maybe_recompile pc=0x000002698852fa74 method=org.eclipse.jdt.internal.core.search.indexing.BinaryIndexer.indexDocument()V @ 1031 c2
Event: 12.837 Thread 0x00000269d91b2cb0 DEOPT PACKING pc=0x000002698852fa74 sp=0x0000009e077fee80
Event: 12.837 Thread 0x00000269d91b2cb0 DEOPT UNPACKING pc=0x00000269874a3aa2 sp=0x0000009e077fee60 mode 2
Event: 12.838 Thread 0x00000269d91b2cb0 Uncommon trap: trap_request=0xffffffc6 fr.pc=0x000002698852fa74 relative=0x000000000000b234
Event: 12.838 Thread 0x00000269d91b2cb0 Uncommon trap: reason=bimorphic_or_optimized_type_check action=maybe_recompile pc=0x000002698852fa74 method=org.eclipse.jdt.internal.core.search.indexing.BinaryIndexer.indexDocument()V @ 1031 c2
Event: 12.838 Thread 0x00000269d91b2cb0 DEOPT PACKING pc=0x000002698852fa74 sp=0x0000009e077fee80
Event: 12.838 Thread 0x00000269d91b2cb0 DEOPT UNPACKING pc=0x00000269874a3aa2 sp=0x0000009e077fee60 mode 2
Event: 12.905 Thread 0x00000269d91b2cb0 Uncommon trap: trap_request=0xffffff45 fr.pc=0x00000269885116a4 relative=0x0000000000002044
Event: 12.905 Thread 0x00000269d91b2cb0 Uncommon trap: reason=unstable_if action=reinterpret pc=0x00000269885116a4 method=org.eclipse.jdt.internal.compiler.classfmt.MethodInfo.createMethod([B[IIJ)Lorg/eclipse/jdt/internal/compiler/classfmt/MethodInfo; @ 426 c2
Event: 12.905 Thread 0x00000269d91b2cb0 DEOPT PACKING pc=0x00000269885116a4 sp=0x0000009e077feca0
Event: 12.905 Thread 0x00000269d91b2cb0 DEOPT UNPACKING pc=0x00000269874a3aa2 sp=0x0000009e077fec00 mode 2

Classes loaded (20 events):
Event: 11.568 Loading class java/util/TreeMap$TreeMapSpliterator done
Event: 11.568 Loading class java/util/TreeMap$ValueSpliterator done
Event: 11.595 Loading class java/util/concurrent/CompletionException
Event: 11.595 Loading class java/util/concurrent/CompletionException done
Event: 11.599 Loading class java/nio/file/FileTreeWalker$1
Event: 11.600 Loading class java/nio/file/FileTreeWalker$1 done
Event: 11.600 Loading class sun/nio/fs/Globs
Event: 11.601 Loading class sun/nio/fs/Globs done
Event: 11.601 Loading class java/util/regex/Pattern$SliceU
Event: 11.601 Loading class java/util/regex/Pattern$SliceU done
Event: 11.601 Loading class sun/nio/fs/WindowsFileSystem$2
Event: 11.602 Loading class java/nio/file/PathMatcher
Event: 11.602 Loading class java/nio/file/PathMatcher done
Event: 11.602 Loading class sun/nio/fs/WindowsFileSystem$2 done
Event: 11.832 Loading class java/util/Collections$SynchronizedRandomAccessList
Event: 11.833 Loading class java/util/Collections$SynchronizedList
Event: 11.833 Loading class java/util/Collections$SynchronizedList done
Event: 11.833 Loading class java/util/Collections$SynchronizedRandomAccessList done
Event: 11.836 Loading class java/util/concurrent/CompletableFuture$Signaller
Event: 11.837 Loading class java/util/concurrent/CompletableFuture$Signaller done

Classes unloaded (7 events):
Event: 2.981 Thread 0x00000269fbd0ec20 Unloading class 0x0000026992199400 'java/lang/invoke/LambdaForm$MH+0x0000026992199400'
Event: 2.981 Thread 0x00000269fbd0ec20 Unloading class 0x0000026992199000 'java/lang/invoke/LambdaForm$MH+0x0000026992199000'
Event: 2.981 Thread 0x00000269fbd0ec20 Unloading class 0x0000026992198c00 'java/lang/invoke/LambdaForm$MH+0x0000026992198c00'
Event: 2.981 Thread 0x00000269fbd0ec20 Unloading class 0x0000026992198800 'java/lang/invoke/LambdaForm$MH+0x0000026992198800'
Event: 2.981 Thread 0x00000269fbd0ec20 Unloading class 0x0000026992198400 'java/lang/invoke/LambdaForm$BMH+0x0000026992198400'
Event: 2.981 Thread 0x00000269fbd0ec20 Unloading class 0x0000026992198000 'java/lang/invoke/LambdaForm$DMH+0x0000026992198000'
Event: 2.981 Thread 0x00000269fbd0ec20 Unloading class 0x0000026992196c00 'java/lang/invoke/LambdaForm$DMH+0x0000026992196c00'

Classes redefined (0 events):
No events

Internal exceptions (20 events):
Event: 11.821 Thread 0x00000269d91b67c0 Exception <a 'sun/nio/fs/WindowsException'{0x00000000eab8f5a8}> (0x00000000eab8f5a8) 
thrown [s\src\hotspot\share\prims\jni.cpp, line 520]
Event: 11.821 Thread 0x00000269d91b67c0 Exception <a 'sun/nio/fs/WindowsException'{0x00000000eabaa850}> (0x00000000eabaa850) 
thrown [s\src\hotspot\share\prims\jni.cpp, line 520]
Event: 11.822 Thread 0x00000269d91b67c0 Exception <a 'sun/nio/fs/WindowsException'{0x00000000eabdb558}> (0x00000000eabdb558) 
thrown [s\src\hotspot\share\prims\jni.cpp, line 520]
Event: 11.822 Thread 0x00000269d91b67c0 Exception <a 'sun/nio/fs/WindowsException'{0x00000000eac05440}> (0x00000000eac05440) 
thrown [s\src\hotspot\share\prims\jni.cpp, line 520]
Event: 11.823 Thread 0x00000269d91b67c0 Exception <a 'sun/nio/fs/WindowsException'{0x00000000eac28040}> (0x00000000eac28040) 
thrown [s\src\hotspot\share\prims\jni.cpp, line 520]
Event: 11.843 Thread 0x00000269dc648e90 Exception <a 'java/lang/IncompatibleClassChangeError'{0x00000000eab6db60}: Found class java.lang.Object, but interface was expected> (0x00000000eab6db60) 
thrown [s\src\hotspot\share\interpreter\linkResolver.cpp, line 840]
Event: 11.957 Thread 0x00000269d91b2cb0 Exception <a 'sun/nio/fs/WindowsException'{0x00000000eadcf620}> (0x00000000eadcf620) 
thrown [s\src\hotspot\share\prims\jni.cpp, line 520]
Event: 11.975 Thread 0x00000269d91b2cb0 Exception <a 'sun/nio/fs/WindowsException'{0x00000000eae35470}> (0x00000000eae35470) 
thrown [s\src\hotspot\share\prims\jni.cpp, line 520]
Event: 12.173 Thread 0x00000269d91b2cb0 Exception <a 'sun/nio/fs/WindowsException'{0x00000000eadb6f90}> (0x00000000eadb6f90) 
thrown [s\src\hotspot\share\prims\jni.cpp, line 520]
Event: 12.207 Thread 0x00000269d91b2cb0 Exception <a 'sun/nio/fs/WindowsException'{0x00000000eabf5030}> (0x00000000eabf5030) 
thrown [s\src\hotspot\share\prims\jni.cpp, line 520]
Event: 12.315 Thread 0x00000269d91b2cb0 Exception <a 'sun/nio/fs/WindowsException'{0x00000000eab934a8}> (0x00000000eab934a8) 
thrown [s\src\hotspot\share\prims\jni.cpp, line 520]
Event: 12.387 Thread 0x00000269d91b2cb0 Exception <a 'sun/nio/fs/WindowsException'{0x00000000eac03538}> (0x00000000eac03538) 
thrown [s\src\hotspot\share\prims\jni.cpp, line 520]
Event: 12.424 Thread 0x00000269d91b2cb0 Exception <a 'sun/nio/fs/WindowsException'{0x00000000eab55960}> (0x00000000eab55960) 
thrown [s\src\hotspot\share\prims\jni.cpp, line 520]
Event: 12.612 Thread 0x00000269d91b2cb0 Exception <a 'sun/nio/fs/WindowsException'{0x00000000eab813d0}> (0x00000000eab813d0) 
thrown [s\src\hotspot\share\prims\jni.cpp, line 520]
Event: 12.632 Thread 0x00000269d91b2cb0 Exception <a 'sun/nio/fs/WindowsException'{0x00000000eae5fde8}> (0x00000000eae5fde8) 
thrown [s\src\hotspot\share\prims\jni.cpp, line 520]
Event: 12.670 Thread 0x00000269d91b2cb0 Exception <a 'sun/nio/fs/WindowsException'{0x00000000eac4aca8}> (0x00000000eac4aca8) 
thrown [s\src\hotspot\share\prims\jni.cpp, line 520]
Event: 12.707 Thread 0x00000269d91b2cb0 Exception <a 'sun/nio/fs/WindowsException'{0x00000000eade9c48}> (0x00000000eade9c48) 
thrown [s\src\hotspot\share\prims\jni.cpp, line 520]
Event: 12.740 Thread 0x00000269d91b2cb0 Exception <a 'sun/nio/fs/WindowsException'{0x00000000eacc4750}> (0x00000000eacc4750) 
thrown [s\src\hotspot\share\prims\jni.cpp, line 520]
Event: 12.761 Thread 0x00000269d91b2cb0 Exception <a 'sun/nio/fs/WindowsException'{0x00000000ead2c128}> (0x00000000ead2c128) 
thrown [s\src\hotspot\share\prims\jni.cpp, line 520]
Event: 12.794 Thread 0x00000269d91b2cb0 Exception <a 'sun/nio/fs/WindowsException'{0x00000000eadf2500}> (0x00000000eadf2500) 
thrown [s\src\hotspot\share\prims\jni.cpp, line 520]

ZGC Phase Switch (0 events):
No events

VM Operations (20 events):
Event: 12.864 Executing VM operation: ParallelGCFailedAllocation (Allocation Failure)
Event: 12.865 Executing VM operation: ParallelGCFailedAllocation (Allocation Failure) done
Event: 12.871 Executing VM operation: ParallelGCFailedAllocation (Allocation Failure)
Event: 12.872 Executing VM operation: ParallelGCFailedAllocation (Allocation Failure) done
Event: 12.881 Executing VM operation: ParallelGCFailedAllocation (Allocation Failure)
Event: 12.883 Executing VM operation: ParallelGCFailedAllocation (Allocation Failure) done
Event: 12.890 Executing VM operation: ParallelGCFailedAllocation (Allocation Failure)
Event: 12.891 Executing VM operation: ParallelGCFailedAllocation (Allocation Failure) done
Event: 12.898 Executing VM operation: ParallelGCFailedAllocation (Allocation Failure)
Event: 12.899 Executing VM operation: ParallelGCFailedAllocation (Allocation Failure) done
Event: 12.906 Executing VM operation: ParallelGCFailedAllocation (Allocation Failure)
Event: 12.907 Executing VM operation: ParallelGCFailedAllocation (Allocation Failure) done
Event: 12.914 Executing VM operation: ParallelGCFailedAllocation (Allocation Failure)
Event: 12.915 Executing VM operation: ParallelGCFailedAllocation (Allocation Failure) done
Event: 12.921 Executing VM operation: ParallelGCFailedAllocation (Allocation Failure)
Event: 12.945 Executing VM operation: ParallelGCFailedAllocation (Allocation Failure) done
Event: 12.955 Executing VM operation: ParallelGCFailedAllocation (Allocation Failure)
Event: 12.956 Executing VM operation: ParallelGCFailedAllocation (Allocation Failure) done
Event: 12.964 Executing VM operation: ParallelGCFailedAllocation (Allocation Failure)
Event: 12.983 Executing VM operation: ParallelGCFailedAllocation (Allocation Failure) done

Memory protections (0 events):
No events

Nmethod flushes (20 events):
Event: 9.071 Thread 0x00000269fbd0ec20 flushing  nmethod 0x00000269809ea290
Event: 9.071 Thread 0x00000269fbd0ec20 flushing  nmethod 0x00000269809ead10
Event: 9.071 Thread 0x00000269fbd0ec20 flushing  nmethod 0x00000269809eb410
Event: 9.071 Thread 0x00000269fbd0ec20 flushing  nmethod 0x00000269809ebf10
Event: 9.071 Thread 0x00000269fbd0ec20 flushing  nmethod 0x00000269809ece90
Event: 9.071 Thread 0x00000269fbd0ec20 flushing  nmethod 0x00000269809ed710
Event: 9.071 Thread 0x00000269fbd0ec20 flushing  nmethod 0x00000269809ef210
Event: 9.071 Thread 0x00000269fbd0ec20 flushing  nmethod 0x0000026980a0cf90
Event: 9.071 Thread 0x00000269fbd0ec20 flushing  nmethod 0x0000026980a1b510
Event: 9.071 Thread 0x00000269fbd0ec20 flushing  nmethod 0x0000026980a2d110
Event: 9.071 Thread 0x00000269fbd0ec20 flushing  nmethod 0x0000026980a5e110
Event: 9.071 Thread 0x00000269fbd0ec20 flushing  nmethod 0x0000026980a95310
Event: 9.071 Thread 0x00000269fbd0ec20 flushing  nmethod 0x0000026980a95d10
Event: 9.071 Thread 0x00000269fbd0ec20 flushing  nmethod 0x0000026980a97610
Event: 9.071 Thread 0x00000269fbd0ec20 flushing  nmethod 0x0000026980a99110
Event: 9.071 Thread 0x00000269fbd0ec20 flushing  nmethod 0x0000026980a99590
Event: 9.071 Thread 0x00000269fbd0ec20 flushing  nmethod 0x0000026980a9f090
Event: 9.071 Thread 0x00000269fbd0ec20 flushing  nmethod 0x0000026980aa6190
Event: 9.071 Thread 0x00000269fbd0ec20 flushing  nmethod 0x0000026980aa7c90
Event: 9.071 Thread 0x00000269fbd0ec20 flushing  nmethod 0x0000026980ab3d10

Events (20 events):
Event: 10.901 Thread 0x00000269da74a040 Thread exited: 0x00000269da74a040
Event: 10.901 Thread 0x00000269da74b3f0 Thread exited: 0x00000269da74b3f0
Event: 10.901 Thread 0x00000269e75d1840 Thread exited: 0x00000269e75d1840
Event: 10.901 Thread 0x00000269da748600 Thread exited: 0x00000269da748600
Event: 11.285 Thread 0x00000269dc6460a0 Thread added: 0x00000269da74b3f0
Event: 11.285 Thread 0x00000269dc6460a0 Thread added: 0x00000269da74ba80
Event: 11.287 Thread 0x00000269dc6460a0 Thread added: 0x00000269da748600
Event: 11.288 Thread 0x00000269dc6460a0 Thread added: 0x00000269da749320
Event: 11.288 Thread 0x00000269dc6460a0 Thread added: 0x00000269da74c110
Event: 11.316 Thread 0x00000269da74c110 Thread exited: 0x00000269da74c110
Event: 11.316 Thread 0x00000269da74ba80 Thread exited: 0x00000269da74ba80
Event: 11.316 Thread 0x00000269da749320 Thread exited: 0x00000269da749320
Event: 11.316 Thread 0x00000269da748600 Thread exited: 0x00000269da748600
Event: 11.316 Thread 0x00000269da74b3f0 Thread exited: 0x00000269da74b3f0
Event: 12.174 Thread 0x00000269dcaa5230 Thread exited: 0x00000269dcaa5230
Event: 12.316 Thread 0x00000269db156380 Thread exited: 0x00000269db156380
Event: 12.404 Thread 0x00000269d951f430 Thread exited: 0x00000269d951f430
Event: 12.404 Thread 0x00000269dbaca660 Thread exited: 0x00000269dbaca660
Event: 12.472 Thread 0x00000269d9fb25e0 Thread exited: 0x00000269d9fb25e0
Event: 12.540 Thread 0x00000269d291f6a0 Thread exited: 0x00000269d291f6a0


Dynamic libraries:
0x00007ff7f6530000 - 0x00007ff7f653e000 	c:\Users\binuk\.vscode\extensions\redhat.java-1.41.1-win32-x64\jre\21.0.6-win32-x86_64\bin\java.exe
0x00007ff8da200000 - 0x00007ff8da460000 	C:\WINDOWS\SYSTEM32\ntdll.dll
0x00007ff8d86b0000 - 0x00007ff8d8777000 	C:\WINDOWS\System32\KERNEL32.DLL
0x00007ff8d76e0000 - 0x00007ff8d7aaa000 	C:\WINDOWS\System32\KERNELBASE.dll
0x00007ff8d7bf0000 - 0x00007ff8d7d3b000 	C:\WINDOWS\System32\ucrtbase.dll
0x00007ff8bd8f0000 - 0x00007ff8bd90e000 	c:\Users\binuk\.vscode\extensions\redhat.java-1.41.1-win32-x64\jre\21.0.6-win32-x86_64\bin\VCRUNTIME140.dll
0x00007ff8b6ba0000 - 0x00007ff8b6bb8000 	c:\Users\binuk\.vscode\extensions\redhat.java-1.41.1-win32-x64\jre\21.0.6-win32-x86_64\bin\jli.dll
0x00007ff8d8110000 - 0x00007ff8d82dc000 	C:\WINDOWS\System32\USER32.dll
0x00007ff8d76b0000 - 0x00007ff8d76d7000 	C:\WINDOWS\System32\win32u.dll
0x00007ff8bf550000 - 0x00007ff8bf7e7000 	C:\WINDOWS\WinSxS\amd64_microsoft.windows.common-controls_6595b64144ccf1df_6.0.26100.3624_none_3e086962e3345f24\COMCTL32.dll
0x00007ff8da180000 - 0x00007ff8da1aa000 	C:\WINDOWS\System32\GDI32.dll
0x00007ff8d8600000 - 0x00007ff8d86a9000 	C:\WINDOWS\System32\msvcrt.dll
0x00007ff8d7ab0000 - 0x00007ff8d7be1000 	C:\WINDOWS\System32\gdi32full.dll
0x00007ff8d7f50000 - 0x00007ff8d7ff3000 	C:\WINDOWS\System32\msvcp_win.dll
0x00007ff8d8ab0000 - 0x00007ff8d8adf000 	C:\WINDOWS\System32\IMM32.DLL
0x00007ff8c9da0000 - 0x00007ff8c9dac000 	c:\Users\binuk\.vscode\extensions\redhat.java-1.41.1-win32-x64\jre\21.0.6-win32-x86_64\bin\vcruntime140_1.dll
0x00007ff84f6a0000 - 0x00007ff84f72d000 	c:\Users\binuk\.vscode\extensions\redhat.java-1.41.1-win32-x64\jre\21.0.6-win32-x86_64\bin\msvcp140.dll
0x00007ffff0360000 - 0x00007ffff10f0000 	c:\Users\binuk\.vscode\extensions\redhat.java-1.41.1-win32-x64\jre\21.0.6-win32-x86_64\bin\server\jvm.dll
0x00007ff8d9e80000 - 0x00007ff8d9f32000 	C:\WINDOWS\System32\ADVAPI32.dll
0x00007ff8d8550000 - 0x00007ff8d85f6000 	C:\WINDOWS\System32\sechost.dll
0x00007ff8d8940000 - 0x00007ff8d8a56000 	C:\WINDOWS\System32\RPCRT4.dll
0x00007ff8d87e0000 - 0x00007ff8d8854000 	C:\WINDOWS\System32\WS2_32.dll
0x00007ff8d6c10000 - 0x00007ff8d6c6e000 	C:\WINDOWS\SYSTEM32\POWRPROF.dll
0x00007ff8d0030000 - 0x00007ff8d003b000 	C:\WINDOWS\SYSTEM32\VERSION.dll
0x00007ff8c5500000 - 0x00007ff8c5536000 	C:\WINDOWS\SYSTEM32\WINMM.dll
0x00007ff8d6bf0000 - 0x00007ff8d6c04000 	C:\WINDOWS\SYSTEM32\UMPDC.dll
0x00007ff8d61b0000 - 0x00007ff8d61ca000 	C:\WINDOWS\SYSTEM32\kernel.appcore.dll
0x00007ff8c44b0000 - 0x00007ff8c44ba000 	c:\Users\binuk\.vscode\extensions\redhat.java-1.41.1-win32-x64\jre\21.0.6-win32-x86_64\bin\jimage.dll
0x00007ff8d4bd0000 - 0x00007ff8d4e11000 	C:\WINDOWS\SYSTEM32\DBGHELP.DLL
0x00007ff8d9ae0000 - 0x00007ff8d9e62000 	C:\WINDOWS\System32\combase.dll
0x00007ff8d9f40000 - 0x00007ff8da016000 	C:\WINDOWS\System32\OLEAUT32.dll
0x00007ff8088d0000 - 0x00007ff808909000 	C:\WINDOWS\SYSTEM32\dbgcore.DLL
0x00007ff8d7d40000 - 0x00007ff8d7dd9000 	C:\WINDOWS\System32\bcryptPrimitives.dll
0x00007ff8c20c0000 - 0x00007ff8c20cf000 	c:\Users\binuk\.vscode\extensions\redhat.java-1.41.1-win32-x64\jre\21.0.6-win32-x86_64\bin\instrument.dll
0x00007ff8ad7e0000 - 0x00007ff8ad7ff000 	c:\Users\binuk\.vscode\extensions\redhat.java-1.41.1-win32-x64\jre\21.0.6-win32-x86_64\bin\java.dll
0x00007ff8d8af0000 - 0x00007ff8d9219000 	C:\WINDOWS\System32\SHELL32.dll
0x00007ff8d7de0000 - 0x00007ff8d7f48000 	C:\WINDOWS\System32\wintypes.dll
0x00007ff8d5040000 - 0x00007ff8d5892000 	C:\WINDOWS\SYSTEM32\windows.storage.dll
0x00007ff8d99f0000 - 0x00007ff8d9add000 	C:\WINDOWS\System32\SHCORE.dll
0x00007ff8d96d0000 - 0x00007ff8d9734000 	C:\WINDOWS\System32\shlwapi.dll
0x00007ff8d72f0000 - 0x00007ff8d731f000 	C:\WINDOWS\SYSTEM32\profapi.dll
0x00007ff896ec0000 - 0x00007ff896ed8000 	c:\Users\binuk\.vscode\extensions\redhat.java-1.41.1-win32-x64\jre\21.0.6-win32-x86_64\bin\zip.dll
0x00007ff8beb80000 - 0x00007ff8beb90000 	C:\Users\binuk\.vscode\extensions\redhat.java-1.41.1-win32-x64\jre\21.0.6-win32-x86_64\bin\net.dll
0x00007ff8cf730000 - 0x00007ff8cf84d000 	C:\WINDOWS\SYSTEM32\WINHTTP.dll
0x00007ff8d66b0000 - 0x00007ff8d671a000 	C:\WINDOWS\system32\mswsock.dll
0x00007ff886d70000 - 0x00007ff886d86000 	C:\Users\binuk\.vscode\extensions\redhat.java-1.41.1-win32-x64\jre\21.0.6-win32-x86_64\bin\nio.dll
0x00007ff8baf70000 - 0x00007ff8baf80000 	c:\Users\binuk\.vscode\extensions\redhat.java-1.41.1-win32-x64\jre\21.0.6-win32-x86_64\bin\verify.dll
0x00007ff85f880000 - 0x00007ff85f8c5000 	C:\Users\binuk\AppData\Roaming\Code\User\globalStorage\redhat.java\1.41.1\config_win\org.eclipse.equinox.launcher\org.eclipse.equinox.launcher.win32.win32.x86_64_1.2.1300.v20250331-1702\eclipse_11911.dll
0x00007ff8d9740000 - 0x00007ff8d98d6000 	C:\WINDOWS\System32\ole32.dll
0x00007ff8d6a60000 - 0x00007ff8d6a7c000 	C:\WINDOWS\SYSTEM32\CRYPTSP.dll
0x00007ff8d6110000 - 0x00007ff8d614a000 	C:\WINDOWS\system32\rsaenh.dll
0x00007ff8d6750000 - 0x00007ff8d677b000 	C:\WINDOWS\SYSTEM32\USERENV.dll
0x00007ff8d72c0000 - 0x00007ff8d72e6000 	C:\WINDOWS\SYSTEM32\bcrypt.dll
0x00007ff8d68e0000 - 0x00007ff8d68ec000 	C:\WINDOWS\SYSTEM32\CRYPTBASE.dll
0x00007ff8d5bc0000 - 0x00007ff8d5bf3000 	C:\WINDOWS\SYSTEM32\IPHLPAPI.DLL
0x00007ff8d9e70000 - 0x00007ff8d9e7a000 	C:\WINDOWS\System32\NSI.dll
0x00007ff852380000 - 0x00007ff8523c9000 	C:\Users\binuk\AppData\Local\Temp\jna-93742557\jna10089580486064719355.dll
0x00007ff8d82e0000 - 0x00007ff8d82e8000 	C:\WINDOWS\System32\PSAPI.DLL
0x00007ff8cfb30000 - 0x00007ff8cfb4f000 	C:\WINDOWS\SYSTEM32\dhcpcsvc6.DLL
0x00007ff8cfac0000 - 0x00007ff8cfae5000 	C:\WINDOWS\SYSTEM32\dhcpcsvc.DLL

dbghelp: loaded successfully - version: 4.0.5 - missing functions: none
symbol engine: initialized successfully - sym options: 0x614 - pdb path: .;c:\Users\binuk\.vscode\extensions\redhat.java-1.41.1-win32-x64\jre\21.0.6-win32-x86_64\bin;C:\WINDOWS\SYSTEM32;C:\WINDOWS\WinSxS\amd64_microsoft.windows.common-controls_6595b64144ccf1df_6.0.26100.3624_none_3e086962e3345f24;c:\Users\binuk\.vscode\extensions\redhat.java-1.41.1-win32-x64\jre\21.0.6-win32-x86_64\bin\server;C:\Users\binuk\AppData\Roaming\Code\User\globalStorage\redhat.java\1.41.1\config_win\org.eclipse.equinox.launcher\org.eclipse.equinox.launcher.win32.win32.x86_64_1.2.1300.v20250331-1702;C:\Users\binuk\AppData\Local\Temp\jna-93742557

VM Arguments:
jvm_args: --add-modules=ALL-SYSTEM --add-opens=java.base/java.util=ALL-UNNAMED --add-opens=java.base/java.lang=ALL-UNNAMED --add-opens=java.base/sun.nio.fs=ALL-UNNAMED -Declipse.application=org.eclipse.jdt.ls.core.id1 -Dosgi.bundles.defaultStartLevel=4 -Declipse.product=org.eclipse.jdt.ls.core.product -Djava.import.generatesMetadataFilesAtProjectRoot=false -DDetectVMInstallationsJob.disabled=true -Dfile.encoding=utf8 -XX:+UseParallelGC -XX:GCTimeRatio=4 -XX:AdaptiveSizePolicyWeight=90 -Dsun.zip.disableMemoryMapping=true -Xmx1G -Xms100m -Xlog:disable -javaagent:c:\Users\binuk\.vscode\extensions\redhat.java-1.41.1-win32-x64\lombok\lombok-1.18.36.jar -XX:+HeapDumpOnOutOfMemoryError -XX:HeapDumpPath=c:\Users\binuk\AppData\Roaming\Code\User\workspaceStorage\6a2fbbb21e74be2676c2e671e2ca6101\redhat.java -Daether.dependencyCollector.impl=bf 
java_command: c:\Users\binuk\.vscode\extensions\redhat.java-1.41.1-win32-x64\server\plugins\org.eclipse.equinox.launcher_1.7.0.v20250331-1702.jar -configuration c:\Users\binuk\AppData\Roaming\Code\User\globalStorage\redhat.java\1.41.1\config_win -data c:\Users\binuk\AppData\Roaming\Code\User\workspaceStorage\6a2fbbb21e74be2676c2e671e2ca6101\redhat.java\jdt_ws --pipe=\\.\pipe\lsp-61563aab27c57d080f984f4beffa0c87-sock
java_class_path (initial): c:\Users\binuk\.vscode\extensions\redhat.java-1.41.1-win32-x64\server\plugins\org.eclipse.equinox.launcher_1.7.0.v20250331-1702.jar
Launcher Type: SUN_STANDARD

[Global flags]
    uintx AdaptiveSizePolicyWeight                 = 90                                        {product} {command line}
     intx CICompilerCount                          = 12                                        {product} {ergonomic}
    uintx GCTimeRatio                              = 4                                         {product} {command line}
     bool HeapDumpOnOutOfMemoryError               = true                                   {manageable} {command line}
    ccstr HeapDumpPath                             = c:\Users\binuk\AppData\Roaming\Code\User\workspaceStorage\6a2fbbb21e74be2676c2e671e2ca6101\redhat.java         {manageable} {command line}
   size_t InitialHeapSize                          = 104857600                                 {product} {command line}
   size_t MaxHeapSize                              = 1073741824                                {product} {command line}
   size_t MaxNewSize                               = 357564416                                 {product} {ergonomic}
   size_t MinHeapDeltaBytes                        = 524288                                    {product} {ergonomic}
   size_t MinHeapSize                              = 104857600                                 {product} {command line}
   size_t NewSize                                  = 34603008                                  {product} {ergonomic}
    uintx NonNMethodCodeHeapSize                   = 7602480                                {pd product} {ergonomic}
    uintx NonProfiledCodeHeapSize                  = 122027880                              {pd product} {ergonomic}
   size_t OldSize                                  = 70254592                                  {product} {ergonomic}
    uintx ProfiledCodeHeapSize                     = 122027880                              {pd product} {ergonomic}
    uintx ReservedCodeCacheSize                    = 251658240                              {pd product} {ergonomic}
     bool SegmentedCodeCache                       = true                                      {product} {ergonomic}
   size_t SoftMaxHeapSize                          = 1073741824                             {manageable} {ergonomic}
     bool UseCompressedOops                        = true                           {product lp64_product} {ergonomic}
     bool UseLargePagesIndividualAllocation        = false                                  {pd product} {ergonomic}
     bool UseParallelGC                            = true                                      {product} {command line}

Logging:
Log output configuration:
 #0: stdout all=off uptime,level,tags foldmultilines=false
 #1: stderr all=off uptime,level,tags foldmultilines=false

Environment Variables:
PATH=C:\Program Files (x86)\VMware\VMware Workstation\bin\;C:\app\binuk\product\21c\dbhomeXE\bin;C:\Program Files\Common Files\Oracle\Java\javapath;C:\Program Files (x86)\Common Files\Oracle\Java\javapath;C:\WINDOWS\system32;C:\WINDOWS;C:\WINDOWS\System32\Wbem;C:\WINDOWS\System32\WindowsPowerShell\v1.0\;C:\WINDOWS\System32\OpenSSH\;C:\Program Files (x86)\NVIDIA Corporation\PhysX\Common;C:\Program Files (x86)\Microsoft SQL Server\160\DTS\Binn\;C:\Program Files\Azure Data Studio\bin;C:\Program Files\Microsoft SQL Server\Client SDK\ODBC\170\Tools\Binn\;C:\Program Files (x86)\Microsoft SQL Server\150\Tools\Binn\;C:\Program Files\Microsoft SQL Server\150\Tools\Binn\;C:\Program Files\Microsoft SQL Server\150\DTS\Binn\;C:\Program Files\dotnet\;C:\Program Files\nodejs\;C:\Program Files\Git\cmd;C:\Program Files\MySQL\MySQL Utilities 1.6\;C:\Program Files\NVIDIA Corporation\NVIDIA app\NvDLISR;C:\Users\binuk\AppData\Local\Programs\Python\Python313\Scripts\;C:\Users\binuk\AppData\Local\Programs\Python\Python313\;C:\Users\binuk\AppData\Local\Programs\Python\Launcher\;C:\Program Files\MySQL\MySQL Shell 8.0\bin\;C:\Program Files\Java\jre-1.8\bin;C:\Users\binuk\AppData\Roaming\npm;C:\Users\binuk\AppData\Local\Programs\Microsoft VS Code\bin;C:\Users\binuk\AppData\Local\Microsoft\WindowsApps;C:\xampp;C:\Users\binuk\Downloads\php-8.4.3.tar.gz\php-8.4.3;C:\Users\binuk\.dotnet\tools
USERNAME=binuk
OS=Windows_NT
PROCESSOR_IDENTIFIER=AMD64 Family 25 Model 68 Stepping 1, AuthenticAMD
TMP=C:\Users\binuk\AppData\Local\Temp
TEMP=C:\Users\binuk\AppData\Local\Temp




Periodic native trim disabled

---------------  S Y S T E M  ---------------

OS:
 Windows 11 , 64 bit Build 26100 (10.0.26100.3775)
OS uptime: 0 days 14:00 hours
Hyper-V role detected

CPU: total 16 (initial active 16) (16 cores per cpu, 2 threads per core) family 25 model 68 stepping 1 microcode 0xa404102, cx8, cmov, fxsr, ht, mmx, 3dnowpref, sse, sse2, sse3, ssse3, sse4a, sse4.1, sse4.2, popcnt, lzcnt, tsc, tscinvbit, avx, avx2, aes, erms, clmul, bmi1, bmi2, adx, sha, fma, vzeroupper, clflush, clflushopt, hv, rdtscp, rdpid, fsrm, f16c, cet_ss
Processor Information for the first 16 processors :
  Max Mhz: 3201, Current Mhz: 3201, Mhz Limit: 3201

Memory: 4k page, system-wide physical 15628M (848M free)
TotalPageFile size 40582M (AvailPageFile size 348M)
current process WorkingSet (physical memory assigned to process): 875M, peak: 875M
current process commit charge ("private bytes"): 799M, peak: 1044M

vm_info: OpenJDK 64-Bit Server VM (21.0.6+7-LTS) for windows-amd64 JRE (21.0.6+7-LTS), built on 2025-01-21T00:00:00Z by "admin" with MS VC++ 17.7 (VS2022)

END.
